This is pdfTeX, Version 3.14159265-2.6-1.40.20 (MiKTeX 2.9.7140 64-bit) (preloaded format=pdflatex 2019.9.16)  22 OCT 2020 20:06
entering extended mode
**./egc_hpc_manual.tex
(egc_hpc_manual.tex
LaTeX2e <2018-12-01>
(C:\Users\adw54\AppData\Roaming\MiKTeX\2.9\tex/latex/beamer\beamer.cls
Document Class: beamer 2019/09/29 v3.57 A class for typesetting presentations

(C:\Users\adw54\AppData\Roaming\MiKTeX\2.9\tex/latex/beamer\beamerbasemodes.sty
(C:\Users\adw54\AppData\Roaming\MiKTeX\2.9\tex/latex/etoolbox\etoolbox.sty
Package: etoolbox 2019/09/21 v2.5h e-TeX tools for LaTeX (JAW)
\etb@tempcnta=\count80
)
\beamer@tempbox=\box27
\beamer@tempcount=\count81
\c@beamerpauses=\count82

(C:\Users\adw54\AppData\Roaming\MiKTeX\2.9\tex/latex/beamer\beamerbasedecode.st
y
\beamer@slideinframe=\count83
\beamer@minimum=\count84
\beamer@decode@box=\box28
)
\beamer@commentbox=\box29
\beamer@modecount=\count85
) ("C:\Program Files\MiKTeX 2.9\tex/generic/oberdiek\ifpdf.sty"
Package: ifpdf 2018/09/07 v3.3 Provides the ifpdf switch
)
\headdp=\dimen102
\footheight=\dimen103
\sidebarheight=\dimen104
\beamer@tempdim=\dimen105
\beamer@finalheight=\dimen106
\beamer@animht=\dimen107
\beamer@animdp=\dimen108
\beamer@animwd=\dimen109
\beamer@leftmargin=\dimen110
\beamer@rightmargin=\dimen111
\beamer@leftsidebar=\dimen112
\beamer@rightsidebar=\dimen113
\beamer@boxsize=\dimen114
\beamer@vboxoffset=\dimen115
\beamer@descdefault=\dimen116
\beamer@descriptionwidth=\dimen117
\beamer@lastskip=\skip41
\beamer@areabox=\box30
\beamer@animcurrent=\box31
\beamer@animshowbox=\box32
\beamer@sectionbox=\box33
\beamer@logobox=\box34
\beamer@linebox=\box35
\beamer@sectioncount=\count86
\beamer@subsubsectionmax=\count87
\beamer@subsectionmax=\count88
\beamer@sectionmax=\count89
\beamer@totalheads=\count90
\beamer@headcounter=\count91
\beamer@partstartpage=\count92
\beamer@sectionstartpage=\count93
\beamer@subsectionstartpage=\count94
\beamer@animationtempa=\count95
\beamer@animationtempb=\count96
\beamer@xpos=\count97
\beamer@ypos=\count98
\beamer@ypos@offset=\count99
\beamer@showpartnumber=\count100
\beamer@currentsubsection=\count101
\beamer@coveringdepth=\count102
\beamer@sectionadjust=\count103
\beamer@tocsectionnumber=\count104

(C:\Users\adw54\AppData\Roaming\MiKTeX\2.9\tex/latex/beamer\beamerbaseoptions.s
ty ("C:\Program Files\MiKTeX 2.9\tex/latex/graphics\keyval.sty"
Package: keyval 2014/10/28 v1.15 key=value parser (DPC)
\KV@toks@=\toks14
))
\beamer@paperwidth=\skip42
\beamer@paperheight=\skip43

("C:\Program Files\MiKTeX 2.9\tex/latex/geometry\geometry.sty"
Package: geometry 2018/04/16 v5.8 Page Geometry

("C:\Program Files\MiKTeX 2.9\tex/generic/oberdiek\ifvtex.sty"
Package: ifvtex 2016/05/16 v1.6 Detect VTeX and its facilities (HO)
Package ifvtex Info: VTeX not detected.
)
("C:\Program Files\MiKTeX 2.9\tex/generic/ifxetex\ifxetex.sty"
Package: ifxetex 2010/09/12 v0.6 Provides ifxetex conditional
)
\Gm@cnth=\count105
\Gm@cntv=\count106
\c@Gm@tempcnt=\count107
\Gm@bindingoffset=\dimen118
\Gm@wd@mp=\dimen119
\Gm@odd@mp=\dimen120
\Gm@even@mp=\dimen121
\Gm@layoutwidth=\dimen122
\Gm@layoutheight=\dimen123
\Gm@layouthoffset=\dimen124
\Gm@layoutvoffset=\dimen125
\Gm@dimlist=\toks15

("C:\Program Files\MiKTeX 2.9\tex/latex/geometry\geometry.cfg"))
("C:\Program Files\MiKTeX 2.9\tex/latex/base\size10.clo"
File: size10.clo 2018/09/03 v1.4i Standard LaTeX file (size option)
)
(C:\Users\adw54\AppData\Roaming\MiKTeX\2.9\tex/latex/pgf/basiclayer\pgfcore.sty
("C:\Program Files\MiKTeX 2.9\tex/latex/graphics\graphicx.sty"
Package: graphicx 2017/06/01 v1.1a Enhanced LaTeX Graphics (DPC,SPQR)

("C:\Program Files\MiKTeX 2.9\tex/latex/graphics\graphics.sty"
Package: graphics 2017/06/25 v1.2c Standard LaTeX Graphics (DPC,SPQR)

("C:\Program Files\MiKTeX 2.9\tex/latex/graphics\trig.sty"
Package: trig 2016/01/03 v1.10 sin cos tan (DPC)
)
("C:\Program Files\MiKTeX 2.9\tex/latex/graphics-cfg\graphics.cfg"
File: graphics.cfg 2016/06/04 v1.11 sample graphics configuration
)
Package graphics Info: Driver file: pdftex.def on input line 99.

("C:\Program Files\MiKTeX 2.9\tex/latex/graphics-def\pdftex.def"
File: pdftex.def 2018/01/08 v1.0l Graphics/color driver for pdftex
))
\Gin@req@height=\dimen126
\Gin@req@width=\dimen127
)
(C:\Users\adw54\AppData\Roaming\MiKTeX\2.9\tex/latex/pgf/systemlayer\pgfsys.sty
(C:\Users\adw54\AppData\Roaming\MiKTeX\2.9\tex/latex/pgf/utilities\pgfrcs.sty
(C:\Users\adw54\AppData\Roaming\MiKTeX\2.9\tex/generic/pgf/utilities\pgfutil-co
mmon.tex
\pgfutil@everybye=\toks16
\pgfutil@tempdima=\dimen128
\pgfutil@tempdimb=\dimen129

(C:\Users\adw54\AppData\Roaming\MiKTeX\2.9\tex/generic/pgf/utilities\pgfutil-co
mmon-lists.tex))
(C:\Users\adw54\AppData\Roaming\MiKTeX\2.9\tex/generic/pgf/utilities\pgfutil-la
tex.def
\pgfutil@abb=\box36
 (C:\Users\adw54\AppData\Roaming\MiKTeX\2.9\tex/latex/ms\everyshi.sty
Package: everyshi 2001/05/15 v3.00 EveryShipout Package (MS)
))
(C:\Users\adw54\AppData\Roaming\MiKTeX\2.9\tex/generic/pgf/utilities\pgfrcs.cod
e.tex
(C:\Users\adw54\AppData\Roaming\MiKTeX\2.9\tex/generic/pgf\pgf.revision.tex)
Package: pgfrcs 2019/08/03 v3.1.4b (3.1.4b)
))
(C:\Users\adw54\AppData\Roaming\MiKTeX\2.9\tex/generic/pgf/systemlayer\pgfsys.c
ode.tex
Package: pgfsys 2019/08/03 v3.1.4b (3.1.4b)

(C:\Users\adw54\AppData\Roaming\MiKTeX\2.9\tex/generic/pgf/utilities\pgfkeys.co
de.tex
\pgfkeys@pathtoks=\toks17
\pgfkeys@temptoks=\toks18

(C:\Users\adw54\AppData\Roaming\MiKTeX\2.9\tex/generic/pgf/utilities\pgfkeysfil
tered.code.tex
\pgfkeys@tmptoks=\toks19
))
\pgf@x=\dimen130
\pgf@y=\dimen131
\pgf@xa=\dimen132
\pgf@ya=\dimen133
\pgf@xb=\dimen134
\pgf@yb=\dimen135
\pgf@xc=\dimen136
\pgf@yc=\dimen137
\pgf@xd=\dimen138
\pgf@yd=\dimen139
\w@pgf@writea=\write3
\r@pgf@reada=\read1
\c@pgf@counta=\count108
\c@pgf@countb=\count109
\c@pgf@countc=\count110
\c@pgf@countd=\count111
\t@pgf@toka=\toks20
\t@pgf@tokb=\toks21
\t@pgf@tokc=\toks22
\pgf@sys@id@count=\count112

(C:\Users\adw54\AppData\Roaming\MiKTeX\2.9\tex/generic/pgf/systemlayer\pgf.cfg
File: pgf.cfg 2019/08/03 v3.1.4b (3.1.4b)
)
Driver file for pgf: pgfsys-pdftex.def

(C:\Users\adw54\AppData\Roaming\MiKTeX\2.9\tex/generic/pgf/systemlayer\pgfsys-p
dftex.def
File: pgfsys-pdftex.def 2019/08/03 v3.1.4b (3.1.4b)

(C:\Users\adw54\AppData\Roaming\MiKTeX\2.9\tex/generic/pgf/systemlayer\pgfsys-c
ommon-pdf.def
File: pgfsys-common-pdf.def 2019/08/03 v3.1.4b (3.1.4b)
)))
(C:\Users\adw54\AppData\Roaming\MiKTeX\2.9\tex/generic/pgf/systemlayer\pgfsysso
ftpath.code.tex
File: pgfsyssoftpath.code.tex 2019/08/03 v3.1.4b (3.1.4b)
\pgfsyssoftpath@smallbuffer@items=\count113
\pgfsyssoftpath@bigbuffer@items=\count114
)
(C:\Users\adw54\AppData\Roaming\MiKTeX\2.9\tex/generic/pgf/systemlayer\pgfsyspr
otocol.code.tex
File: pgfsysprotocol.code.tex 2019/08/03 v3.1.4b (3.1.4b)
))
(C:\Users\adw54\AppData\Roaming\MiKTeX\2.9\tex/latex/xcolor\xcolor.sty
Package: xcolor 2016/05/11 v2.12 LaTeX color extensions (UK)

("C:\Program Files\MiKTeX 2.9\tex/latex/graphics-cfg\color.cfg"
File: color.cfg 2016/01/02 v1.6 sample color configuration
)
Package xcolor Info: Driver file: pdftex.def on input line 225.
Package xcolor Info: Model `cmy' substituted by `cmy0' on input line 1348.
Package xcolor Info: Model `hsb' substituted by `rgb' on input line 1352.
Package xcolor Info: Model `RGB' extended on input line 1364.
Package xcolor Info: Model `HTML' substituted by `rgb' on input line 1366.
Package xcolor Info: Model `Hsb' substituted by `hsb' on input line 1367.
Package xcolor Info: Model `tHsb' substituted by `hsb' on input line 1368.
Package xcolor Info: Model `HSB' substituted by `hsb' on input line 1369.
Package xcolor Info: Model `Gray' substituted by `gray' on input line 1370.
Package xcolor Info: Model `wave' substituted by `hsb' on input line 1371.

(C:\Users\adw54\AppData\Roaming\MiKTeX\2.9\tex/latex/xcolor\svgnam.def
File: svgnam.def 2016/05/11 v2.12 Predefined colors according to SVG 1.1 (UK)
))
(C:\Users\adw54\AppData\Roaming\MiKTeX\2.9\tex/generic/pgf/basiclayer\pgfcore.c
ode.tex
Package: pgfcore 2019/08/03 v3.1.4b (3.1.4b)

(C:\Users\adw54\AppData\Roaming\MiKTeX\2.9\tex/generic/pgf/math\pgfmath.code.te
x
(C:\Users\adw54\AppData\Roaming\MiKTeX\2.9\tex/generic/pgf/math\pgfmathcalc.cod
e.tex
(C:\Users\adw54\AppData\Roaming\MiKTeX\2.9\tex/generic/pgf/math\pgfmathutil.cod
e.tex)
(C:\Users\adw54\AppData\Roaming\MiKTeX\2.9\tex/generic/pgf/math\pgfmathparser.c
ode.tex
\pgfmath@dimen=\dimen140
\pgfmath@count=\count115
\pgfmath@box=\box37
\pgfmath@toks=\toks23
\pgfmath@stack@operand=\toks24
\pgfmath@stack@operation=\toks25
)
(C:\Users\adw54\AppData\Roaming\MiKTeX\2.9\tex/generic/pgf/math\pgfmathfunction
s.code.tex
(C:\Users\adw54\AppData\Roaming\MiKTeX\2.9\tex/generic/pgf/math\pgfmathfunction
s.basic.code.tex)
(C:\Users\adw54\AppData\Roaming\MiKTeX\2.9\tex/generic/pgf/math\pgfmathfunction
s.trigonometric.code.tex)
(C:\Users\adw54\AppData\Roaming\MiKTeX\2.9\tex/generic/pgf/math\pgfmathfunction
s.random.code.tex)
(C:\Users\adw54\AppData\Roaming\MiKTeX\2.9\tex/generic/pgf/math\pgfmathfunction
s.comparison.code.tex)
(C:\Users\adw54\AppData\Roaming\MiKTeX\2.9\tex/generic/pgf/math\pgfmathfunction
s.base.code.tex)
(C:\Users\adw54\AppData\Roaming\MiKTeX\2.9\tex/generic/pgf/math\pgfmathfunction
s.round.code.tex)
(C:\Users\adw54\AppData\Roaming\MiKTeX\2.9\tex/generic/pgf/math\pgfmathfunction
s.misc.code.tex)
(C:\Users\adw54\AppData\Roaming\MiKTeX\2.9\tex/generic/pgf/math\pgfmathfunction
s.integerarithmetics.code.tex)))
(C:\Users\adw54\AppData\Roaming\MiKTeX\2.9\tex/generic/pgf/math\pgfmathfloat.co
de.tex
\c@pgfmathroundto@lastzeros=\count116
))
(C:\Users\adw54\AppData\Roaming\MiKTeX\2.9\tex/generic/pgf/math\pgfint.code.tex
)
(C:\Users\adw54\AppData\Roaming\MiKTeX\2.9\tex/generic/pgf/basiclayer\pgfcorepo
ints.code.tex
File: pgfcorepoints.code.tex 2019/08/03 v3.1.4b (3.1.4b)
\pgf@picminx=\dimen141
\pgf@picmaxx=\dimen142
\pgf@picminy=\dimen143
\pgf@picmaxy=\dimen144
\pgf@pathminx=\dimen145
\pgf@pathmaxx=\dimen146
\pgf@pathminy=\dimen147
\pgf@pathmaxy=\dimen148
\pgf@xx=\dimen149
\pgf@xy=\dimen150
\pgf@yx=\dimen151
\pgf@yy=\dimen152
\pgf@zx=\dimen153
\pgf@zy=\dimen154
)
(C:\Users\adw54\AppData\Roaming\MiKTeX\2.9\tex/generic/pgf/basiclayer\pgfcorepa
thconstruct.code.tex
File: pgfcorepathconstruct.code.tex 2019/08/03 v3.1.4b (3.1.4b)
\pgf@path@lastx=\dimen155
\pgf@path@lasty=\dimen156
)
(C:\Users\adw54\AppData\Roaming\MiKTeX\2.9\tex/generic/pgf/basiclayer\pgfcorepa
thusage.code.tex
File: pgfcorepathusage.code.tex 2019/08/03 v3.1.4b (3.1.4b)
\pgf@shorten@end@additional=\dimen157
\pgf@shorten@start@additional=\dimen158
)
(C:\Users\adw54\AppData\Roaming\MiKTeX\2.9\tex/generic/pgf/basiclayer\pgfcoresc
opes.code.tex
File: pgfcorescopes.code.tex 2019/08/03 v3.1.4b (3.1.4b)
\pgfpic=\box38
\pgf@hbox=\box39
\pgf@layerbox@main=\box40
\pgf@picture@serial@count=\count117
)
(C:\Users\adw54\AppData\Roaming\MiKTeX\2.9\tex/generic/pgf/basiclayer\pgfcoregr
aphicstate.code.tex
File: pgfcoregraphicstate.code.tex 2019/08/03 v3.1.4b (3.1.4b)
\pgflinewidth=\dimen159
)
(C:\Users\adw54\AppData\Roaming\MiKTeX\2.9\tex/generic/pgf/basiclayer\pgfcoretr
ansformations.code.tex
File: pgfcoretransformations.code.tex 2019/08/03 v3.1.4b (3.1.4b)
\pgf@pt@x=\dimen160
\pgf@pt@y=\dimen161
\pgf@pt@temp=\dimen162
)
(C:\Users\adw54\AppData\Roaming\MiKTeX\2.9\tex/generic/pgf/basiclayer\pgfcorequ
ick.code.tex
File: pgfcorequick.code.tex 2019/08/03 v3.1.4b (3.1.4b)
)
(C:\Users\adw54\AppData\Roaming\MiKTeX\2.9\tex/generic/pgf/basiclayer\pgfcoreob
jects.code.tex
File: pgfcoreobjects.code.tex 2019/08/03 v3.1.4b (3.1.4b)
)
(C:\Users\adw54\AppData\Roaming\MiKTeX\2.9\tex/generic/pgf/basiclayer\pgfcorepa
thprocessing.code.tex
File: pgfcorepathprocessing.code.tex 2019/08/03 v3.1.4b (3.1.4b)
)
(C:\Users\adw54\AppData\Roaming\MiKTeX\2.9\tex/generic/pgf/basiclayer\pgfcorear
rows.code.tex
File: pgfcorearrows.code.tex 2019/08/03 v3.1.4b (3.1.4b)
\pgfarrowsep=\dimen163
)
(C:\Users\adw54\AppData\Roaming\MiKTeX\2.9\tex/generic/pgf/basiclayer\pgfcoresh
ade.code.tex
File: pgfcoreshade.code.tex 2019/08/03 v3.1.4b (3.1.4b)
\pgf@max=\dimen164
\pgf@sys@shading@range@num=\count118
\pgf@shadingcount=\count119
)
(C:\Users\adw54\AppData\Roaming\MiKTeX\2.9\tex/generic/pgf/basiclayer\pgfcoreim
age.code.tex
File: pgfcoreimage.code.tex 2019/08/03 v3.1.4b (3.1.4b)

(C:\Users\adw54\AppData\Roaming\MiKTeX\2.9\tex/generic/pgf/basiclayer\pgfcoreex
ternal.code.tex
File: pgfcoreexternal.code.tex 2019/08/03 v3.1.4b (3.1.4b)
\pgfexternal@startupbox=\box41
))
(C:\Users\adw54\AppData\Roaming\MiKTeX\2.9\tex/generic/pgf/basiclayer\pgfcorela
yers.code.tex
File: pgfcorelayers.code.tex 2019/08/03 v3.1.4b (3.1.4b)
)
(C:\Users\adw54\AppData\Roaming\MiKTeX\2.9\tex/generic/pgf/basiclayer\pgfcoretr
ansparency.code.tex
File: pgfcoretransparency.code.tex 2019/08/03 v3.1.4b (3.1.4b)
)
(C:\Users\adw54\AppData\Roaming\MiKTeX\2.9\tex/generic/pgf/basiclayer\pgfcorepa
tterns.code.tex
File: pgfcorepatterns.code.tex 2019/08/03 v3.1.4b (3.1.4b)
)
(C:\Users\adw54\AppData\Roaming\MiKTeX\2.9\tex/generic/pgf/basiclayer\pgfcorerd
f.code.tex
File: pgfcorerdf.code.tex 2019/08/03 v3.1.4b (3.1.4b)
)))
(C:\Users\adw54\AppData\Roaming\MiKTeX\2.9\tex/latex/pgf/utilities\xxcolor.sty
Package: xxcolor 2003/10/24 ver 0.1
\XC@nummixins=\count120
\XC@countmixins=\count121
) ("C:\Program Files\MiKTeX 2.9\tex/generic/oberdiek\atbegshi.sty"
Package: atbegshi 2016/06/09 v1.18 At begin shipout hook (HO)

("C:\Program Files\MiKTeX 2.9\tex/generic/oberdiek\infwarerr.sty"
Package: infwarerr 2016/05/16 v1.4 Providing info/warning/error messages (HO)
)
("C:\Program Files\MiKTeX 2.9\tex/generic/oberdiek\ltxcmds.sty"
Package: ltxcmds 2016/05/16 v1.23 LaTeX kernel commands for general use (HO)
))
("C:\Program Files\MiKTeX 2.9\tex/latex/hyperref\hyperref.sty"
Package: hyperref 2019/06/12 v6.88h Hypertext links for LaTeX

("C:\Program Files\MiKTeX 2.9\tex/generic/oberdiek\hobsub-hyperref.sty"
Package: hobsub-hyperref 2016/05/16 v1.14 Bundle oberdiek, subset hyperref (HO)


("C:\Program Files\MiKTeX 2.9\tex/generic/oberdiek\hobsub-generic.sty"
Package: hobsub-generic 2016/05/16 v1.14 Bundle oberdiek, subset generic (HO)
Package: hobsub 2016/05/16 v1.14 Construct package bundles (HO)
Package hobsub Info: Skipping package `infwarerr' (already loaded).
Package hobsub Info: Skipping package `ltxcmds' (already loaded).
Package: ifluatex 2016/05/16 v1.4 Provides the ifluatex switch (HO)
Package ifluatex Info: LuaTeX not detected.
Package hobsub Info: Skipping package `ifvtex' (already loaded).
Package: intcalc 2016/05/16 v1.2 Expandable calculations with integers (HO)
Package hobsub Info: Skipping package `ifpdf' (already loaded).
Package: etexcmds 2016/05/16 v1.6 Avoid name clashes with e-TeX commands (HO)
Package: kvsetkeys 2016/05/16 v1.17 Key value parser (HO)
Package: kvdefinekeys 2016/05/16 v1.4 Define keys (HO)
Package: pdftexcmds 2019/07/25 v0.30 Utility functions of pdfTeX for LuaTeX (HO
)
Package pdftexcmds Info: LuaTeX not detected.
Package pdftexcmds Info: \pdf@primitive is available.
Package pdftexcmds Info: \pdf@ifprimitive is available.
Package pdftexcmds Info: \pdfdraftmode found.
Package: pdfescape 2016/05/16 v1.14 Implements pdfTeX's escape features (HO)
Package: bigintcalc 2016/05/16 v1.4 Expandable calculations on big integers (HO
)
Package: bitset 2016/05/16 v1.2 Handle bit-vector datatype (HO)
Package: uniquecounter 2016/05/16 v1.3 Provide unlimited unique counter (HO)
)
Package hobsub Info: Skipping package `hobsub' (already loaded).
Package: letltxmacro 2016/05/16 v1.5 Let assignment for LaTeX macros (HO)
Package: hopatch 2016/05/16 v1.3 Wrapper for package hooks (HO)
Package: xcolor-patch 2016/05/16 xcolor patch
Package: atveryend 2016/05/16 v1.9 Hooks at the very end of document (HO)
Package hobsub Info: Skipping package `atbegshi' (already loaded).
Package: refcount 2016/05/16 v3.5 Data extraction from label references (HO)
Package: hycolor 2016/05/16 v1.8 Color options for hyperref/bookmark (HO)
)
("C:\Program Files\MiKTeX 2.9\tex/latex/oberdiek\auxhook.sty"
Package: auxhook 2016/05/16 v1.4 Hooks for auxiliary files (HO)
)
("C:\Program Files\MiKTeX 2.9\tex/latex/oberdiek\kvoptions.sty"
Package: kvoptions 2016/05/16 v3.12 Key value format for package options (HO)
)
\@linkdim=\dimen165
\Hy@linkcounter=\count122
\Hy@pagecounter=\count123

("C:\Program Files\MiKTeX 2.9\tex/latex/hyperref\pd1enc.def"
File: pd1enc.def 2019/06/12 v6.88h Hyperref: PDFDocEncoding definition (HO)
Now handling font encoding PD1 ...
... no UTF-8 mapping file for font encoding PD1
)
\Hy@SavedSpaceFactor=\count124

("C:\Program Files\MiKTeX 2.9\tex/latex/00miktex\hyperref.cfg"
File: hyperref.cfg 2002/06/06 v1.2 hyperref configuration of TeXLive
)
Package hyperref Info: Option `bookmarks' set `true' on input line 4424.
Package hyperref Info: Option `bookmarksopen' set `true' on input line 4424.
Package hyperref Info: Option `implicit' set `false' on input line 4424.
Package hyperref Info: Hyper figures OFF on input line 4550.
Package hyperref Info: Link nesting OFF on input line 4555.
Package hyperref Info: Hyper index ON on input line 4558.
Package hyperref Info: Plain pages OFF on input line 4565.
Package hyperref Info: Backreferencing OFF on input line 4570.
Package hyperref Info: Implicit mode OFF; no redefinition of LaTeX internals.
Package hyperref Info: Bookmarks ON on input line 4803.
\c@Hy@tempcnt=\count125

(C:\Users\adw54\AppData\Roaming\MiKTeX\2.9\tex/latex/url\url.sty
\Urlmuskip=\muskip10
Package: url 2013/09/16  ver 3.4  Verb mode for urls, etc.
)
LaTeX Info: Redefining \url on input line 5156.
\XeTeXLinkMargin=\dimen166
\Fld@menulength=\count126
\Field@Width=\dimen167
\Fld@charsize=\dimen168
Package hyperref Info: Hyper figures OFF on input line 6411.
Package hyperref Info: Link nesting OFF on input line 6416.
Package hyperref Info: Hyper index ON on input line 6419.
Package hyperref Info: backreferencing OFF on input line 6426.
Package hyperref Info: Link coloring OFF on input line 6431.
Package hyperref Info: Link coloring with OCG OFF on input line 6436.
Package hyperref Info: PDF/A mode OFF on input line 6441.
LaTeX Info: Redefining \ref on input line 6481.
LaTeX Info: Redefining \pageref on input line 6485.
\Hy@abspage=\count127


Package hyperref Message: Stopped early.

)
Package hyperref Info: Driver (autodetected): hpdftex.
 ("C:\Program Files\MiKTeX 2.9\tex/latex/hyperref\hpdftex.def"
File: hpdftex.def 2019/06/12 v6.88h Hyperref driver for pdfTeX
\Fld@listcount=\count128
\c@bookmark@seq@number=\count129

("C:\Program Files\MiKTeX 2.9\tex/latex/oberdiek\rerunfilecheck.sty"
Package: rerunfilecheck 2016/05/16 v1.8 Rerun checks for auxiliary files (HO)
Package uniquecounter Info: New unique counter `rerunfilecheck' on input line 2
82.
))
(C:\Users\adw54\AppData\Roaming\MiKTeX\2.9\tex/latex/beamer\beamerbaserequires.
sty
(C:\Users\adw54\AppData\Roaming\MiKTeX\2.9\tex/latex/beamer\beamerbasecompatibi
lity.sty)
(C:\Users\adw54\AppData\Roaming\MiKTeX\2.9\tex/latex/beamer\beamerbasefont.sty
("C:\Program Files\MiKTeX 2.9\tex/latex/amsfonts\amssymb.sty"
Package: amssymb 2013/01/14 v3.01 AMS font symbols

("C:\Program Files\MiKTeX 2.9\tex/latex/amsfonts\amsfonts.sty"
Package: amsfonts 2013/01/14 v3.01 Basic AMSFonts support
\@emptytoks=\toks26
\symAMSa=\mathgroup4
\symAMSb=\mathgroup5
LaTeX Font Info:    Overwriting math alphabet `\mathfrak' in version `bold'
(Font)                  U/euf/m/n --> U/euf/b/n on input line 106.
))
(C:\Users\adw54\AppData\Roaming\MiKTeX\2.9\tex/latex/sansmathaccent\sansmathacc
ent.sty
Package: sansmathaccent 2013/03/28

(C:\Users\adw54\AppData\Roaming\MiKTeX\2.9\tex/latex/filehook\filehook.sty
Package: filehook 2019/10/03 v0.6 Hooks for input files
)))
(C:\Users\adw54\AppData\Roaming\MiKTeX\2.9\tex/latex/beamer\beamerbasetranslato
r.sty
(C:\Users\adw54\AppData\Roaming\MiKTeX\2.9\tex/latex/translator\translator.sty
Package: translator 2019-05-31 v1.12a Easy translation of strings in LaTeX
))
(C:\Users\adw54\AppData\Roaming\MiKTeX\2.9\tex/latex/beamer\beamerbasemisc.sty)

(C:\Users\adw54\AppData\Roaming\MiKTeX\2.9\tex/latex/beamer\beamerbasetwoscreen
s.sty)
(C:\Users\adw54\AppData\Roaming\MiKTeX\2.9\tex/latex/beamer\beamerbaseoverlay.s
ty
\beamer@argscount=\count130
\beamer@lastskipcover=\skip44
\beamer@trivlistdepth=\count131
)
(C:\Users\adw54\AppData\Roaming\MiKTeX\2.9\tex/latex/beamer\beamerbasetitle.sty
)
(C:\Users\adw54\AppData\Roaming\MiKTeX\2.9\tex/latex/beamer\beamerbasesection.s
ty
\c@lecture=\count132
\c@part=\count133
\c@section=\count134
\c@subsection=\count135
\c@subsubsection=\count136
)
(C:\Users\adw54\AppData\Roaming\MiKTeX\2.9\tex/latex/beamer\beamerbaseframe.sty
\beamer@framebox=\box42
\beamer@frametitlebox=\box43
\beamer@zoombox=\box44
\beamer@zoomcount=\count137
\beamer@zoomframecount=\count138
\beamer@frametextheight=\dimen169
\c@subsectionslide=\count139
\beamer@frametopskip=\skip45
\beamer@framebottomskip=\skip46
\beamer@frametopskipautobreak=\skip47
\beamer@framebottomskipautobreak=\skip48
\beamer@envbody=\toks27
\framewidth=\dimen170
\c@framenumber=\count140
)
(C:\Users\adw54\AppData\Roaming\MiKTeX\2.9\tex/latex/beamer\beamerbaseverbatim.
sty
\beamer@verbatimfileout=\write4
)
(C:\Users\adw54\AppData\Roaming\MiKTeX\2.9\tex/latex/beamer\beamerbaseframesize
.sty
\beamer@splitbox=\box45
\beamer@autobreakcount=\count141
\beamer@autobreaklastheight=\dimen171
\beamer@frametitletoks=\toks28
\beamer@framesubtitletoks=\toks29
)
(C:\Users\adw54\AppData\Roaming\MiKTeX\2.9\tex/latex/beamer\beamerbaseframecomp
onents.sty
\beamer@footins=\box46
)
(C:\Users\adw54\AppData\Roaming\MiKTeX\2.9\tex/latex/beamer\beamerbasecolor.sty
)
(C:\Users\adw54\AppData\Roaming\MiKTeX\2.9\tex/latex/beamer\beamerbasenotes.sty
\beamer@frameboxcopy=\box47
) (C:\Users\adw54\AppData\Roaming\MiKTeX\2.9\tex/latex/beamer\beamerbasetoc.sty
)
(C:\Users\adw54\AppData\Roaming\MiKTeX\2.9\tex/latex/beamer\beamerbasetemplates
.sty
\beamer@sbttoks=\toks30

(C:\Users\adw54\AppData\Roaming\MiKTeX\2.9\tex/latex/beamer\beamerbaseauxtempla
tes.sty
(C:\Users\adw54\AppData\Roaming\MiKTeX\2.9\tex/latex/beamer\beamerbaseboxes.sty
\bmb@box=\box48
\bmb@colorbox=\box49
\bmb@boxshadow=\box50
\bmb@boxshadowball=\box51
\bmb@boxshadowballlarge=\box52
\bmb@temp=\dimen172
\bmb@dima=\dimen173
\bmb@dimb=\dimen174
\bmb@prevheight=\dimen175
)
\beamer@blockheadheight=\dimen176
))
(C:\Users\adw54\AppData\Roaming\MiKTeX\2.9\tex/latex/beamer\beamerbaselocalstru
cture.sty ("C:\Program Files\MiKTeX 2.9\tex/latex/tools\enumerate.sty"
Package: enumerate 2015/07/23 v3.00 enumerate extensions (DPC)
\@enLab=\toks31
)
\c@figure=\count142
\c@table=\count143
\abovecaptionskip=\skip49
\belowcaptionskip=\skip50
)
(C:\Users\adw54\AppData\Roaming\MiKTeX\2.9\tex/latex/beamer\beamerbasenavigatio
n.sty
\beamer@section@min@dim=\dimen177
)
(C:\Users\adw54\AppData\Roaming\MiKTeX\2.9\tex/latex/beamer\beamerbasetheorems.
sty ("C:\Program Files\MiKTeX 2.9\tex/latex/amsmath\amsmath.sty"
Package: amsmath 2018/12/01 v2.17b AMS math features
\@mathmargin=\skip51

For additional information on amsmath, use the `?' option.
("C:\Program Files\MiKTeX 2.9\tex/latex/amsmath\amstext.sty"
Package: amstext 2000/06/29 v2.01 AMS text

("C:\Program Files\MiKTeX 2.9\tex/latex/amsmath\amsgen.sty"
File: amsgen.sty 1999/11/30 v2.0 generic functions
\@emptytoks=\toks32
\ex@=\dimen178
))
("C:\Program Files\MiKTeX 2.9\tex/latex/amsmath\amsbsy.sty"
Package: amsbsy 1999/11/29 v1.2d Bold Symbols
\pmbraise@=\dimen179
)
("C:\Program Files\MiKTeX 2.9\tex/latex/amsmath\amsopn.sty"
Package: amsopn 2016/03/08 v2.02 operator names
)
\inf@bad=\count144
LaTeX Info: Redefining \frac on input line 223.
\uproot@=\count145
\leftroot@=\count146
LaTeX Info: Redefining \overline on input line 385.
\classnum@=\count147
\DOTSCASE@=\count148
LaTeX Info: Redefining \ldots on input line 482.
LaTeX Info: Redefining \dots on input line 485.
LaTeX Info: Redefining \cdots on input line 606.
\Mathstrutbox@=\box53
\strutbox@=\box54
\big@size=\dimen180
LaTeX Font Info:    Redeclaring font encoding OML on input line 729.
LaTeX Font Info:    Redeclaring font encoding OMS on input line 730.
\macc@depth=\count149
\c@MaxMatrixCols=\count150
\dotsspace@=\muskip11
\c@parentequation=\count151
\dspbrk@lvl=\count152
\tag@help=\toks33
\row@=\count153
\column@=\count154
\maxfields@=\count155
\andhelp@=\toks34
\eqnshift@=\dimen181
\alignsep@=\dimen182
\tagshift@=\dimen183
\tagwidth@=\dimen184
\totwidth@=\dimen185
\lineht@=\dimen186
\@envbody=\toks35
\multlinegap=\skip52
\multlinetaggap=\skip53
\mathdisplay@stack=\toks36
LaTeX Info: Redefining \[ on input line 2844.
LaTeX Info: Redefining \] on input line 2845.
)
("C:\Program Files\MiKTeX 2.9\tex/latex/amscls\amsthm.sty"
Package: amsthm 2017/10/31 v2.20.4
\thm@style=\toks37
\thm@bodyfont=\toks38
\thm@headfont=\toks39
\thm@notefont=\toks40
\thm@headpunct=\toks41
\thm@preskip=\skip54
\thm@postskip=\skip55
\thm@headsep=\skip56
\dth@everypar=\toks42
)
\c@theorem=\count156
)
(C:\Users\adw54\AppData\Roaming\MiKTeX\2.9\tex/latex/beamer\beamerbasethemes.st
y))
(C:\Users\adw54\AppData\Roaming\MiKTeX\2.9\tex/latex/beamer\beamerthemedefault.
sty
(C:\Users\adw54\AppData\Roaming\MiKTeX\2.9\tex/latex/beamer\beamerfontthemedefa
ult.sty)
(C:\Users\adw54\AppData\Roaming\MiKTeX\2.9\tex/latex/beamer\beamercolorthemedef
ault.sty)
(C:\Users\adw54\AppData\Roaming\MiKTeX\2.9\tex/latex/beamer\beamerinnerthemedef
ault.sty
\beamer@dima=\dimen187
\beamer@dimb=\dimen188
)
(C:\Users\adw54\AppData\Roaming\MiKTeX\2.9\tex/latex/beamer\beamerouterthemedef
ault.sty)))
(C:\Users\adw54\AppData\Roaming\MiKTeX\2.9\tex/latex/beamertheme-metropolis\bea
merthememetropolis.sty
Package: beamerthememetropolis 2017/01/23 v1.2 Metropolis Beamer theme

(C:\Users\adw54\AppData\Roaming\MiKTeX\2.9\tex/latex/pgfopts\pgfopts.sty
Package: pgfopts 2014/07/10 v2.1a LaTeX package options with pgfkeys

(C:\Users\adw54\AppData\Roaming\MiKTeX\2.9\tex/latex/pgf/utilities\pgfkeys.sty
(C:\Users\adw54\AppData\Roaming\MiKTeX\2.9\tex/generic/pgf/utilities\pgfkeys.co
de.tex))
\pgfopts@list@add@a@toks=\toks43
\pgfopts@list@add@b@toks=\toks44
)
(C:\Users\adw54\AppData\Roaming\MiKTeX\2.9\tex/latex/beamertheme-metropolis\bea
merinnerthememetropolis.sty
Package: beamerinnerthememetropolis 2017/01/23 Metropolis inner theme

("C:\Program Files\MiKTeX 2.9\tex/latex/tools\calc.sty"
Package: calc 2017/05/25 v4.3 Infix arithmetic (KKT,FJ)
\calc@Acount=\count157
\calc@Bcount=\count158
\calc@Adimen=\dimen189
\calc@Bdimen=\dimen190
\calc@Askip=\skip57
\calc@Bskip=\skip58
LaTeX Info: Redefining \setlength on input line 80.
LaTeX Info: Redefining \addtolength on input line 81.
\calc@Ccount=\count159
\calc@Cskip=\skip59
)
(C:\Users\adw54\AppData\Roaming\MiKTeX\2.9\tex/latex/pgf/frontendlayer\tikz.sty
(C:\Users\adw54\AppData\Roaming\MiKTeX\2.9\tex/latex/pgf/basiclayer\pgf.sty
Package: pgf 2019/08/03 v3.1.4b (3.1.4b)

(C:\Users\adw54\AppData\Roaming\MiKTeX\2.9\tex/generic/pgf/modules\pgfmodulesha
pes.code.tex
File: pgfmoduleshapes.code.tex 2019/08/03 v3.1.4b (3.1.4b)
\pgfnodeparttextbox=\box55
)
(C:\Users\adw54\AppData\Roaming\MiKTeX\2.9\tex/generic/pgf/modules\pgfmoduleplo
t.code.tex
File: pgfmoduleplot.code.tex 2019/08/03 v3.1.4b (3.1.4b)
)
(C:\Users\adw54\AppData\Roaming\MiKTeX\2.9\tex/latex/pgf/compatibility\pgfcomp-
version-0-65.sty
Package: pgfcomp-version-0-65 2019/08/03 v3.1.4b (3.1.4b)
\pgf@nodesepstart=\dimen191
\pgf@nodesepend=\dimen192
)
(C:\Users\adw54\AppData\Roaming\MiKTeX\2.9\tex/latex/pgf/compatibility\pgfcomp-
version-1-18.sty
Package: pgfcomp-version-1-18 2019/08/03 v3.1.4b (3.1.4b)
))
(C:\Users\adw54\AppData\Roaming\MiKTeX\2.9\tex/latex/pgf/utilities\pgffor.sty
(C:\Users\adw54\AppData\Roaming\MiKTeX\2.9\tex/latex/pgf/math\pgfmath.sty
(C:\Users\adw54\AppData\Roaming\MiKTeX\2.9\tex/generic/pgf/math\pgfmath.code.te
x))
(C:\Users\adw54\AppData\Roaming\MiKTeX\2.9\tex/generic/pgf/utilities\pgffor.cod
e.tex
Package: pgffor 2019/08/03 v3.1.4b (3.1.4b)

(C:\Users\adw54\AppData\Roaming\MiKTeX\2.9\tex/generic/pgf/math\pgfmath.code.te
x)
\pgffor@iter=\dimen193
\pgffor@skip=\dimen194
\pgffor@stack=\toks45
\pgffor@toks=\toks46
))
(C:\Users\adw54\AppData\Roaming\MiKTeX\2.9\tex/generic/pgf/frontendlayer/tikz\t
ikz.code.tex
Package: tikz 2019/08/03 v3.1.4b (3.1.4b)

(C:\Users\adw54\AppData\Roaming\MiKTeX\2.9\tex/generic/pgf/libraries\pgflibrary
plothandlers.code.tex
File: pgflibraryplothandlers.code.tex 2019/08/03 v3.1.4b (3.1.4b)
\pgf@plot@mark@count=\count160
\pgfplotmarksize=\dimen195
)
\tikz@lastx=\dimen196
\tikz@lasty=\dimen197
\tikz@lastxsaved=\dimen198
\tikz@lastysaved=\dimen199
\tikz@lastmovetox=\dimen256
\tikz@lastmovetoy=\dimen257
\tikzleveldistance=\dimen258
\tikzsiblingdistance=\dimen259
\tikz@figbox=\box56
\tikz@figbox@bg=\box57
\tikz@tempbox=\box58
\tikz@tempbox@bg=\box59
\tikztreelevel=\count161
\tikznumberofchildren=\count162
\tikznumberofcurrentchild=\count163
\tikz@fig@count=\count164

(C:\Users\adw54\AppData\Roaming\MiKTeX\2.9\tex/generic/pgf/modules\pgfmodulemat
rix.code.tex
File: pgfmodulematrix.code.tex 2019/08/03 v3.1.4b (3.1.4b)
\pgfmatrixcurrentrow=\count165
\pgfmatrixcurrentcolumn=\count166
\pgf@matrix@numberofcolumns=\count167
)
\tikz@expandcount=\count168

(C:\Users\adw54\AppData\Roaming\MiKTeX\2.9\tex/generic/pgf/frontendlayer/tikz/l
ibraries\tikzlibrarytopaths.code.tex
File: tikzlibrarytopaths.code.tex 2019/08/03 v3.1.4b (3.1.4b)
)))
\metropolis@titleseparator@linewidth=\skip60
\metropolis@progressonsectionpage=\skip61
\metropolis@progressonsectionpage@linewidth=\skip62
\metropolis@blocksep=\skip63
\metropolis@blockadjust=\skip64
\metropolis@parskip=\skip65
)
(C:\Users\adw54\AppData\Roaming\MiKTeX\2.9\tex/latex/beamertheme-metropolis\bea
merouterthememetropolis.sty
Package: beamerouterthememetropolis 2017/01/23 Metropolis outer theme
\metropolis@frametitle@padding=\skip66
\metropolis@progressinheadfoot=\skip67
\metropolis@progressinheadfoot@linewidth=\skip68
)
(C:\Users\adw54\AppData\Roaming\MiKTeX\2.9\tex/latex/beamertheme-metropolis\bea
mercolorthememetropolis.sty
Package: beamercolorthememetropolis 2017/01/23 Metropolis color theme
)
(C:\Users\adw54\AppData\Roaming\MiKTeX\2.9\tex/latex/beamertheme-metropolis\bea
merfontthememetropolis.sty
Package: beamerfontthememetropolis 2017/01/23 Metropolis font theme


Package beamerthememetropolis Warning: You need to compile with XeLaTeX or LuaL
aTeX to use the Fira fonts on input line 95.

))
(C:\Users\adw54\AppData\Roaming\MiKTeX\2.9\tex/latex/appendixnumberbeamer\appen
dixnumberbeamer.sty)
(C:\Users\adw54\AppData\Roaming\MiKTeX\2.9\tex/latex/booktabs\booktabs.sty
Package: booktabs 2005/04/14 v1.61803 publication quality tables
\heavyrulewidth=\dimen260
\lightrulewidth=\dimen261
\cmidrulewidth=\dimen262
\belowrulesep=\dimen263
\belowbottomsep=\dimen264
\aboverulesep=\dimen265
\abovetopsep=\dimen266
\cmidrulesep=\dimen267
\cmidrulekern=\dimen268
\defaultaddspace=\dimen269
\@cmidla=\count169
\@cmidlb=\count170
\@aboverulesep=\dimen270
\@belowrulesep=\dimen271
\@thisruleclass=\count171
\@lastruleclass=\count172
\@thisrulewidth=\dimen272
)
("C:\Program Files\MiKTeX 2.9\tex/latex/multirow\multirow.sty"
Package: multirow 2019/05/31 v2.5 Span multiple rows of a table
\multirow@colwidth=\skip69
\multirow@cntb=\count173
\multirow@dima=\skip70
\bigstrutjot=\dimen273
)
(C:\Users\adw54\AppData\Roaming\MiKTeX\2.9\tex/latex/makecell\makecell.sty
Package: makecell 2009/08/03 V0.1e Managing of Tab Column Heads and Cells

("C:\Program Files\MiKTeX 2.9\tex/latex/tools\array.sty"
Package: array 2018/12/30 v2.4k Tabular extension package (FMi)
\col@sep=\dimen274
\ar@mcellbox=\box60
\extrarowheight=\dimen275
\NC@list=\toks47
\extratabsurround=\skip71
\backup@length=\skip72
\ar@cellbox=\box61
)
\rotheadsize=\dimen276
\c@nlinenum=\count174
\TeXr@lab=\toks48
)
(C:\Users\adw54\AppData\Roaming\MiKTeX\2.9\tex/latex/ccicons\ccicons.sty
Package: ccicons 2017/10/30 v1.6 LaTeX support for Creative Commons icons

("C:\Program Files\MiKTeX 2.9\tex/latex/xkeyval\xkeyval.sty"
Package: xkeyval 2014/12/03 v2.7a package option processing (HA)

("C:\Program Files\MiKTeX 2.9\tex/generic/xkeyval\xkeyval.tex"
("C:\Program Files\MiKTeX 2.9\tex/generic/xkeyval\xkvutils.tex"
\XKV@toks=\toks49
\XKV@tempa@toks=\toks50
)
\XKV@depth=\count175
File: xkeyval.tex 2014/12/03 v2.7a key=value parser (HA)
)))
(C:\Users\adw54\AppData\Roaming\MiKTeX\2.9\tex/latex/ulem\ulem.sty
\UL@box=\box62
\UL@hyphenbox=\box63
\UL@skip=\skip73
\UL@hook=\toks51
\UL@height=\dimen277
\UL@pe=\count176
\UL@pixel=\dimen278
\ULC@box=\box64
Package: ulem 2012/05/18
\ULdepth=\dimen279
)
(C:\Users\adw54\AppData\Roaming\MiKTeX\2.9\tex/latex/pgfplots\pgfplots.sty
(C:\Users\adw54\AppData\Roaming\MiKTeX\2.9\tex/generic/pgfplots\pgfplots.revisi
on.tex)
Package: pgfplots 2018/03/28 v1.16 Data Visualization (1.16)

(C:\Users\adw54\AppData\Roaming\MiKTeX\2.9\tex/generic/pgfplots\pgfplots.code.t
ex
(C:\Users\adw54\AppData\Roaming\MiKTeX\2.9\tex/generic/pgfplots\pgfplotscore.co
de.tex
\t@pgfplots@toka=\toks52
\t@pgfplots@tokb=\toks53
\t@pgfplots@tokc=\toks54
\pgfplots@tmpa=\dimen280
\c@pgfplots@coordindex=\count177
\c@pgfplots@scanlineindex=\count178

(C:\Users\adw54\AppData\Roaming\MiKTeX\2.9\tex/generic/pgfplots/sys\pgfplotssys
generic.code.tex))
(C:\Users\adw54\AppData\Roaming\MiKTeX\2.9\tex/generic/pgfplots/libs\pgfplotsli
brary.code.tex)
(C:\Users\adw54\AppData\Roaming\MiKTeX\2.9\tex/generic/pgfplots/oldpgfcompatib\
pgfplotsoldpgfsupp_loader.code.tex
(C:\Users\adw54\AppData\Roaming\MiKTeX\2.9\tex/generic/pgf/libraries\pgflibrary
fpu.code.tex))
(C:\Users\adw54\AppData\Roaming\MiKTeX\2.9\tex/generic/pgfplots/util\pgfplotsut
il.code.tex
(C:\Users\adw54\AppData\Roaming\MiKTeX\2.9\tex/generic/pgfplots/liststructure\p
gfplotsliststructure.code.tex)
(C:\Users\adw54\AppData\Roaming\MiKTeX\2.9\tex/generic/pgfplots/liststructure\p
gfplotsliststructureext.code.tex)
(C:\Users\adw54\AppData\Roaming\MiKTeX\2.9\tex/generic/pgfplots/liststructure\p
gfplotsarray.code.tex
\c@pgfplotsarray@tmp=\count179
)
(C:\Users\adw54\AppData\Roaming\MiKTeX\2.9\tex/generic/pgfplots/liststructure\p
gfplotsmatrix.code.tex)
(C:\Users\adw54\AppData\Roaming\MiKTeX\2.9\tex/generic/pgfplots/numtable\pgfplo
tstableshared.code.tex
\c@pgfplotstable@counta=\count180
\t@pgfplotstable@a=\toks55
)
(C:\Users\adw54\AppData\Roaming\MiKTeX\2.9\tex/generic/pgfplots/liststructure\p
gfplotsdeque.code.tex)
(C:\Users\adw54\AppData\Roaming\MiKTeX\2.9\tex/generic/pgfplots/util\pgfplotsbi
nary.code.tex
(C:\Users\adw54\AppData\Roaming\MiKTeX\2.9\tex/generic/pgfplots/util\pgfplotsbi
nary.data.code.tex))
(C:\Users\adw54\AppData\Roaming\MiKTeX\2.9\tex/generic/pgfplots/util\pgfplotsut
il.verb.code.tex)
(C:\Users\adw54\AppData\Roaming\MiKTeX\2.9\tex/generic/pgfplots/libs\pgflibrary
pgfplots.surfshading.code.tex
\c@pgfplotslibrarysurf@no=\count181

(C:\Users\adw54\AppData\Roaming\MiKTeX\2.9\tex/generic/pgfplots/sys\pgflibraryp
gfplots.surfshading.pgfsys-pdftex.def)))
(C:\Users\adw54\AppData\Roaming\MiKTeX\2.9\tex/generic/pgfplots/util\pgfplotsco
lormap.code.tex
(C:\Users\adw54\AppData\Roaming\MiKTeX\2.9\tex/generic/pgfplots/util\pgfplotsco
lor.code.tex))
(C:\Users\adw54\AppData\Roaming\MiKTeX\2.9\tex/generic/pgfplots\pgfplotsstacked
plots.code.tex)
(C:\Users\adw54\AppData\Roaming\MiKTeX\2.9\tex/generic/pgfplots\pgfplotsplothan
dlers.code.tex
(C:\Users\adw54\AppData\Roaming\MiKTeX\2.9\tex/generic/pgfplots\pgfplotsmeshplo
thandler.code.tex
(C:\Users\adw54\AppData\Roaming\MiKTeX\2.9\tex/generic/pgfplots\pgfplotsmeshplo
timage.code.tex)))
(C:\Users\adw54\AppData\Roaming\MiKTeX\2.9\tex/generic/pgfplots\pgfplots.scalin
g.code.tex)
(C:\Users\adw54\AppData\Roaming\MiKTeX\2.9\tex/generic/pgfplots\pgfplotscoordpr
ocessing.code.tex)
(C:\Users\adw54\AppData\Roaming\MiKTeX\2.9\tex/generic/pgfplots\pgfplots.errorb
ars.code.tex)
(C:\Users\adw54\AppData\Roaming\MiKTeX\2.9\tex/generic/pgfplots\pgfplots.marker
s.code.tex)
(C:\Users\adw54\AppData\Roaming\MiKTeX\2.9\tex/generic/pgfplots\pgfplotsticks.c
ode.tex)
(C:\Users\adw54\AppData\Roaming\MiKTeX\2.9\tex/generic/pgfplots\pgfplots.paths.
code.tex)
(C:\Users\adw54\AppData\Roaming\MiKTeX\2.9\tex/generic/pgf/frontendlayer/tikz/l
ibraries\tikzlibrarydecorations.code.tex
(C:\Users\adw54\AppData\Roaming\MiKTeX\2.9\tex/generic/pgf/modules\pgfmoduledec
orations.code.tex
\pgfdecoratedcompleteddistance=\dimen281
\pgfdecoratedremainingdistance=\dimen282
\pgfdecoratedinputsegmentcompleteddistance=\dimen283
\pgfdecoratedinputsegmentremainingdistance=\dimen284
\pgf@decorate@distancetomove=\dimen285
\pgf@decorate@repeatstate=\count182
\pgfdecorationsegmentamplitude=\dimen286
\pgfdecorationsegmentlength=\dimen287
)
\tikz@lib@dec@box=\box65
)
(C:\Users\adw54\AppData\Roaming\MiKTeX\2.9\tex/generic/pgf/frontendlayer/tikz/l
ibraries\tikzlibrarydecorations.pathmorphing.code.tex
(C:\Users\adw54\AppData\Roaming\MiKTeX\2.9\tex/generic/pgf/libraries/decoration
s\pgflibrarydecorations.pathmorphing.code.tex))
(C:\Users\adw54\AppData\Roaming\MiKTeX\2.9\tex/generic/pgf/frontendlayer/tikz/l
ibraries\tikzlibrarydecorations.pathreplacing.code.tex
(C:\Users\adw54\AppData\Roaming\MiKTeX\2.9\tex/generic/pgf/libraries/decoration
s\pgflibrarydecorations.pathreplacing.code.tex))
\pgfplots@numplots=\count183
\pgfplots@xmin@reg=\dimen288
\pgfplots@xmax@reg=\dimen289
\pgfplots@ymin@reg=\dimen290
\pgfplots@ymax@reg=\dimen291
\pgfplots@zmin@reg=\dimen292
\pgfplots@zmax@reg=\dimen293
)
(C:\Users\adw54\AppData\Roaming\MiKTeX\2.9\tex/generic/pgf/frontendlayer/tikz/l
ibraries\tikzlibraryplotmarks.code.tex
File: tikzlibraryplotmarks.code.tex 2019/08/03 v3.1.4b (3.1.4b)

(C:\Users\adw54\AppData\Roaming\MiKTeX\2.9\tex/generic/pgf/libraries\pgflibrary
plotmarks.code.tex
File: pgflibraryplotmarks.code.tex 2019/08/03 v3.1.4b (3.1.4b)
)))
(C:\Users\adw54\AppData\Roaming\MiKTeX\2.9\tex/generic/pgfplots/libs\tikzlibrar
ypgfplots.dateplot.code.tex
(C:\Users\adw54\AppData\Roaming\MiKTeX\2.9\tex/latex/pgf/utilities\pgfcalendar.
sty
(C:\Users\adw54\AppData\Roaming\MiKTeX\2.9\tex/generic/pgf/utilities\pgfcalenda
r.code.tex
File: pgfcalendar.code.tex 2019/08/03 v3.1.4b (3.1.4b)

(C:\Users\adw54\AppData\Roaming\MiKTeX\2.9\tex/generic/pgf/math\pgfint.code.tex
)
\pgfcalendarcurrentjulian=\count184
\pgf@cal@easter@Y=\count185
\pgf@cal@easter@G=\count186
\pgf@cal@easter@C=\count187
\pgf@cal@easter@X=\count188
\pgf@cal@easter@Z=\count189
\pgf@cal@easter@D=\count190
\pgf@cal@easter@E=\count191
\pgf@cal@easter@N=\count192
\pgf@cal@easter@M=\count193
\pgf@cal@easter@julianday=\count194
))) ("C:\Program Files\MiKTeX 2.9\tex/latex/base\textcomp.sty"
Package: textcomp 2018/08/11 v2.0j Standard LaTeX package
Package textcomp Info: Sub-encoding information:
(textcomp)               5 = only ISO-Adobe without \textcurrency
(textcomp)               4 = 5 + \texteuro
(textcomp)               3 = 4 + \textohm
(textcomp)               2 = 3 + \textestimated + \textcurrency
(textcomp)               1 = TS1 - \textcircled - \t
(textcomp)               0 = TS1 (full)
(textcomp)             Font families with sub-encoding setting implement
(textcomp)             only a restricted character set as indicated.
(textcomp)             Family '?' is the default used for unknown fonts.
(textcomp)             See the documentation for details.
Package textcomp Info: Setting ? sub-encoding to TS1/1 on input line 79.

("C:\Program Files\MiKTeX 2.9\tex/latex/base\ts1enc.def"
File: ts1enc.def 2001/06/05 v3.0e (jk/car/fm) Standard LaTeX file
Now handling font encoding TS1 ...
... processing UTF-8 mapping file for font encoding TS1

("C:\Program Files\MiKTeX 2.9\tex/latex/base\ts1enc.dfu"
File: ts1enc.dfu 2018/10/05 v1.2f UTF-8 support for inputenc
   defining Unicode char U+00A2 (decimal 162)
   defining Unicode char U+00A3 (decimal 163)
   defining Unicode char U+00A4 (decimal 164)
   defining Unicode char U+00A5 (decimal 165)
   defining Unicode char U+00A6 (decimal 166)
   defining Unicode char U+00A7 (decimal 167)
   defining Unicode char U+00A8 (decimal 168)
   defining Unicode char U+00A9 (decimal 169)
   defining Unicode char U+00AA (decimal 170)
   defining Unicode char U+00AC (decimal 172)
   defining Unicode char U+00AE (decimal 174)
   defining Unicode char U+00AF (decimal 175)
   defining Unicode char U+00B0 (decimal 176)
   defining Unicode char U+00B1 (decimal 177)
   defining Unicode char U+00B2 (decimal 178)
   defining Unicode char U+00B3 (decimal 179)
   defining Unicode char U+00B4 (decimal 180)
   defining Unicode char U+00B5 (decimal 181)
   defining Unicode char U+00B6 (decimal 182)
   defining Unicode char U+00B7 (decimal 183)
   defining Unicode char U+00B9 (decimal 185)
   defining Unicode char U+00BA (decimal 186)
   defining Unicode char U+00BC (decimal 188)
   defining Unicode char U+00BD (decimal 189)
   defining Unicode char U+00BE (decimal 190)
   defining Unicode char U+00D7 (decimal 215)
   defining Unicode char U+00F7 (decimal 247)
   defining Unicode char U+0192 (decimal 402)
   defining Unicode char U+02C7 (decimal 711)
   defining Unicode char U+02D8 (decimal 728)
   defining Unicode char U+02DD (decimal 733)
   defining Unicode char U+0E3F (decimal 3647)
   defining Unicode char U+2016 (decimal 8214)
   defining Unicode char U+2020 (decimal 8224)
   defining Unicode char U+2021 (decimal 8225)
   defining Unicode char U+2022 (decimal 8226)
   defining Unicode char U+2030 (decimal 8240)
   defining Unicode char U+2031 (decimal 8241)
   defining Unicode char U+203B (decimal 8251)
   defining Unicode char U+203D (decimal 8253)
   defining Unicode char U+2044 (decimal 8260)
   defining Unicode char U+204E (decimal 8270)
   defining Unicode char U+2052 (decimal 8274)
   defining Unicode char U+20A1 (decimal 8353)
   defining Unicode char U+20A4 (decimal 8356)
   defining Unicode char U+20A6 (decimal 8358)
   defining Unicode char U+20A9 (decimal 8361)
   defining Unicode char U+20AB (decimal 8363)
   defining Unicode char U+20AC (decimal 8364)
   defining Unicode char U+20B1 (decimal 8369)
   defining Unicode char U+2103 (decimal 8451)
   defining Unicode char U+2116 (decimal 8470)
   defining Unicode char U+2117 (decimal 8471)
   defining Unicode char U+211E (decimal 8478)
   defining Unicode char U+2120 (decimal 8480)
   defining Unicode char U+2122 (decimal 8482)
   defining Unicode char U+2126 (decimal 8486)
   defining Unicode char U+2127 (decimal 8487)
   defining Unicode char U+212E (decimal 8494)
   defining Unicode char U+2190 (decimal 8592)
   defining Unicode char U+2191 (decimal 8593)
   defining Unicode char U+2192 (decimal 8594)
   defining Unicode char U+2193 (decimal 8595)
   defining Unicode char U+2329 (decimal 9001)
   defining Unicode char U+232A (decimal 9002)
   defining Unicode char U+2422 (decimal 9250)
   defining Unicode char U+25E6 (decimal 9702)
   defining Unicode char U+25EF (decimal 9711)
   defining Unicode char U+266A (decimal 9834)
   defining Unicode char U+FEFF (decimal 65279)
))
LaTeX Info: Redefining \oldstylenums on input line 334.
Package textcomp Info: Setting cmr sub-encoding to TS1/0 on input line 349.
Package textcomp Info: Setting cmss sub-encoding to TS1/0 on input line 350.
Package textcomp Info: Setting cmtt sub-encoding to TS1/0 on input line 351.
Package textcomp Info: Setting cmvtt sub-encoding to TS1/0 on input line 352.
Package textcomp Info: Setting cmbr sub-encoding to TS1/0 on input line 353.
Package textcomp Info: Setting cmtl sub-encoding to TS1/0 on input line 354.
Package textcomp Info: Setting ccr sub-encoding to TS1/0 on input line 355.
Package textcomp Info: Setting ptm sub-encoding to TS1/4 on input line 356.
Package textcomp Info: Setting pcr sub-encoding to TS1/4 on input line 357.
Package textcomp Info: Setting phv sub-encoding to TS1/4 on input line 358.
Package textcomp Info: Setting ppl sub-encoding to TS1/3 on input line 359.
Package textcomp Info: Setting pag sub-encoding to TS1/4 on input line 360.
Package textcomp Info: Setting pbk sub-encoding to TS1/4 on input line 361.
Package textcomp Info: Setting pnc sub-encoding to TS1/4 on input line 362.
Package textcomp Info: Setting pzc sub-encoding to TS1/4 on input line 363.
Package textcomp Info: Setting bch sub-encoding to TS1/4 on input line 364.
Package textcomp Info: Setting put sub-encoding to TS1/5 on input line 365.
Package textcomp Info: Setting uag sub-encoding to TS1/5 on input line 366.
Package textcomp Info: Setting ugq sub-encoding to TS1/5 on input line 367.
Package textcomp Info: Setting ul8 sub-encoding to TS1/4 on input line 368.
Package textcomp Info: Setting ul9 sub-encoding to TS1/4 on input line 369.
Package textcomp Info: Setting augie sub-encoding to TS1/5 on input line 370.
Package textcomp Info: Setting dayrom sub-encoding to TS1/3 on input line 371.
Package textcomp Info: Setting dayroms sub-encoding to TS1/3 on input line 372.

Package textcomp Info: Setting pxr sub-encoding to TS1/0 on input line 373.
Package textcomp Info: Setting pxss sub-encoding to TS1/0 on input line 374.
Package textcomp Info: Setting pxtt sub-encoding to TS1/0 on input line 375.
Package textcomp Info: Setting txr sub-encoding to TS1/0 on input line 376.
Package textcomp Info: Setting txss sub-encoding to TS1/0 on input line 377.
Package textcomp Info: Setting txtt sub-encoding to TS1/0 on input line 378.
Package textcomp Info: Setting lmr sub-encoding to TS1/0 on input line 379.
Package textcomp Info: Setting lmdh sub-encoding to TS1/0 on input line 380.
Package textcomp Info: Setting lmss sub-encoding to TS1/0 on input line 381.
Package textcomp Info: Setting lmssq sub-encoding to TS1/0 on input line 382.
Package textcomp Info: Setting lmvtt sub-encoding to TS1/0 on input line 383.
Package textcomp Info: Setting lmtt sub-encoding to TS1/0 on input line 384.
Package textcomp Info: Setting qhv sub-encoding to TS1/0 on input line 385.
Package textcomp Info: Setting qag sub-encoding to TS1/0 on input line 386.
Package textcomp Info: Setting qbk sub-encoding to TS1/0 on input line 387.
Package textcomp Info: Setting qcr sub-encoding to TS1/0 on input line 388.
Package textcomp Info: Setting qcs sub-encoding to TS1/0 on input line 389.
Package textcomp Info: Setting qpl sub-encoding to TS1/0 on input line 390.
Package textcomp Info: Setting qtm sub-encoding to TS1/0 on input line 391.
Package textcomp Info: Setting qzc sub-encoding to TS1/0 on input line 392.
Package textcomp Info: Setting qhvc sub-encoding to TS1/0 on input line 393.
Package textcomp Info: Setting futs sub-encoding to TS1/4 on input line 394.
Package textcomp Info: Setting futx sub-encoding to TS1/4 on input line 395.
Package textcomp Info: Setting futj sub-encoding to TS1/4 on input line 396.
Package textcomp Info: Setting hlh sub-encoding to TS1/3 on input line 397.
Package textcomp Info: Setting hls sub-encoding to TS1/3 on input line 398.
Package textcomp Info: Setting hlst sub-encoding to TS1/3 on input line 399.
Package textcomp Info: Setting hlct sub-encoding to TS1/5 on input line 400.
Package textcomp Info: Setting hlx sub-encoding to TS1/5 on input line 401.
Package textcomp Info: Setting hlce sub-encoding to TS1/5 on input line 402.
Package textcomp Info: Setting hlcn sub-encoding to TS1/5 on input line 403.
Package textcomp Info: Setting hlcw sub-encoding to TS1/5 on input line 404.
Package textcomp Info: Setting hlcf sub-encoding to TS1/5 on input line 405.
Package textcomp Info: Setting pplx sub-encoding to TS1/3 on input line 406.
Package textcomp Info: Setting pplj sub-encoding to TS1/3 on input line 407.
Package textcomp Info: Setting ptmx sub-encoding to TS1/4 on input line 408.
Package textcomp Info: Setting ptmj sub-encoding to TS1/4 on input line 409.
)
("C:\Program Files\MiKTeX 2.9\tex/latex/tools\xspace.sty"
Package: xspace 2014/10/28 v1.13 Space after command names (DPC,MH)
)
Package hyperref Info: Option `colorlinks' set `true' on input line 28.


Package hyperref Warning: Option `bookmarks' has already been used,
(hyperref)                setting the option has no effect on input line 28.

(C:\Users\adw54\AppData\Roaming\MiKTeX\2.9\tex/latex/listings\listings.sty
\lst@mode=\count195
\lst@gtempboxa=\box66
\lst@token=\toks56
\lst@length=\count196
\lst@currlwidth=\dimen294
\lst@column=\count197
\lst@pos=\count198
\lst@lostspace=\dimen295
\lst@width=\dimen296
\lst@newlines=\count199
\lst@lineno=\count266
\lst@maxwidth=\dimen297

(C:\Users\adw54\AppData\Roaming\MiKTeX\2.9\tex/latex/listings\lstmisc.sty
File: lstmisc.sty 2019/09/10 1.8c (Carsten Heinz)
\c@lstnumber=\count267
\lst@skipnumbers=\count268
\lst@framebox=\box67
)
(C:\Users\adw54\AppData\Roaming\MiKTeX\2.9\tex/latex/listings\listings.cfg
File: listings.cfg 2019/09/10 1.8c listings configuration
))
Package: listings 2019/09/10 1.8c (Carsten Heinz)

(listings-stata.tex)
(C:\Users\adw54\AppData\Roaming\MiKTeX\2.9\tex/latex/matlab-prettifier\matlab-p
rettifier.sty
Package: matlab-prettifier 2014/06/19 v0.3 A package for prettyprinting Matlab 
source code
\netBracketCount@mlpr=\count269
\blkLvl@mlpr=\count270
\blkLvlAtClassdef@mlpr=\count271
\emHeight@mlpr=\skip74
\jayDepth@mlpr=\skip75
\sectionRuleOffset@mlpr=\skip76
\toks@mlpr=\toks57
) ("C:\Program Files\MiKTeX 2.9\tex/latex/tools\multicol.sty"
Package: multicol 2018/12/27 v1.8v multicolumn formatting (FMi)
\c@tracingmulticols=\count272
\mult@box=\box68
\multicol@leftmargin=\dimen298
\c@unbalance=\count273
\c@collectmore=\count274
\doublecol@number=\count275
\multicoltolerance=\count276
\multicolpretolerance=\count277
\full@width=\dimen299
\page@free=\dimen300
\premulticols=\dimen301
\postmulticols=\dimen302
\multicolsep=\skip77
\multicolbaselineskip=\skip78
\partial@page=\box69
\last@line=\box70
\maxbalancingoverflow=\dimen303
\mult@rightbox=\box71
\mult@grightbox=\box72
\mult@gfirstbox=\box73
\mult@firstbox=\box74
\@tempa=\box75
\@tempa=\box76
\@tempa=\box77
\@tempa=\box78
\@tempa=\box79
\@tempa=\box80
\@tempa=\box81
\@tempa=\box82
\@tempa=\box83
\@tempa=\box84
\@tempa=\box85
\@tempa=\box86
\@tempa=\box87
\@tempa=\box88
\@tempa=\box89
\@tempa=\box90
\@tempa=\box91
\c@columnbadness=\count278
\c@finalcolumnbadness=\count279
\last@try=\dimen304
\multicolovershoot=\dimen305
\multicolundershoot=\dimen306
\mult@nat@firstbox=\box92
\colbreak@box=\box93
\mc@col@check@num=\count280
)

Package hyperref Warning: Token not allowed in a PDF string (PDFDocEncoding):
(hyperref)                removing `\\' on input line 51.


(C:\Users\adw54\AppData\Roaming\MiKTeX\2.9\tex/latex/beamertheme-metropolis\pgf
plotsthemetol.sty
Package: pgfplotsthemetol 2017/01/23 PGFplots colors based on Paul Tol's SRON t
echnical note
) (egc_hpc_manual.aux)
\openout1 = `egc_hpc_manual.aux'.

LaTeX Font Info:    Checking defaults for OML/cmm/m/it on input line 54.
LaTeX Font Info:    ... okay on input line 54.
LaTeX Font Info:    Checking defaults for T1/cmr/m/n on input line 54.
LaTeX Font Info:    ... okay on input line 54.
LaTeX Font Info:    Checking defaults for OT1/cmr/m/n on input line 54.
LaTeX Font Info:    ... okay on input line 54.
LaTeX Font Info:    Checking defaults for OMS/cmsy/m/n on input line 54.
LaTeX Font Info:    ... okay on input line 54.
LaTeX Font Info:    Checking defaults for OMX/cmex/m/n on input line 54.
LaTeX Font Info:    ... okay on input line 54.
LaTeX Font Info:    Checking defaults for U/cmr/m/n on input line 54.
LaTeX Font Info:    ... okay on input line 54.
LaTeX Font Info:    Checking defaults for PD1/pdf/m/n on input line 54.
LaTeX Font Info:    ... okay on input line 54.
LaTeX Font Info:    Checking defaults for TS1/cmr/m/n on input line 54.
LaTeX Font Info:    Try loading font information for TS1+cmr on input line 54.

("C:\Program Files\MiKTeX 2.9\tex/latex/base\ts1cmr.fd"
File: ts1cmr.fd 2014/09/29 v2.5h Standard LaTeX font definitions
)
LaTeX Font Info:    ... okay on input line 54.

*geometry* driver: auto-detecting
*geometry* detected driver: pdftex
*geometry* verbose mode - [ preamble ] result:
* driver: pdftex
* paper: custom
* layout: <same size as paper>
* layoutoffset:(h,v)=(0.0pt,0.0pt)
* modes: includehead includefoot 
* h-part:(L,W,R)=(28.45274pt, 307.28987pt, 28.45274pt)
* v-part:(T,H,B)=(0.0pt, 273.14662pt, 0.0pt)
* \paperwidth=364.19536pt
* \paperheight=273.14662pt
* \textwidth=307.28987pt
* \textheight=244.6939pt
* \oddsidemargin=-43.81725pt
* \evensidemargin=-43.81725pt
* \topmargin=-72.26999pt
* \headheight=14.22636pt
* \headsep=0.0pt
* \topskip=10.0pt
* \footskip=14.22636pt
* \marginparwidth=3.0pt
* \marginparsep=11.0pt
* \columnsep=10.0pt
* \skip\footins=9.0pt plus 4.0pt minus 2.0pt
* \hoffset=0.0pt
* \voffset=0.0pt
* \mag=1000
* \@twocolumnfalse
* \@twosidefalse
* \@mparswitchfalse
* \@reversemarginfalse
* (1in=72.27pt=25.4mm, 1cm=28.453pt)

(C:\Users\adw54\AppData\Roaming\MiKTeX\2.9\tex/context/base/mkii\supp-pdf.mkii
[Loading MPS to PDF converter (version 2006.09.02).]
\scratchcounter=\count281
\scratchdimen=\dimen307
\scratchbox=\box94
\nofMPsegments=\count282
\nofMParguments=\count283
\everyMPshowfont=\toks58
\MPscratchCnt=\count284
\MPscratchDim=\dimen308
\MPnumerator=\count285
\makeMPintoPDFobject=\count286
\everyMPtoPDFconversion=\toks59
) ("C:\Program Files\MiKTeX 2.9\tex/latex/oberdiek\epstopdf-base.sty"
Package: epstopdf-base 2016/05/15 v2.6 Base part for package epstopdf

("C:\Program Files\MiKTeX 2.9\tex/latex/oberdiek\grfext.sty"
Package: grfext 2016/05/16 v1.2 Manage graphics extensions (HO)
)
Package epstopdf-base Info: Redefining graphics rule for `.eps' on input line 4
38.
Package grfext Info: Graphics extension search list:
(grfext)             [.pdf,.png,.jpg,.mps,.jpeg,.jbig2,.jb2,.PDF,.PNG,.JPG,.JPE
G,.JBIG2,.JB2,.eps]
(grfext)             \AppendGraphicsExtensions on input line 456.
)
ABD: EveryShipout initializing macros
\AtBeginShipoutBox=\box95
Package hyperref Info: Link coloring ON on input line 54.

("C:\Program Files\MiKTeX 2.9\tex/latex/hyperref\nameref.sty"
Package: nameref 2016/05/21 v2.44 Cross-referencing by name of section

("C:\Program Files\MiKTeX 2.9\tex/generic/oberdiek\gettitlestring.sty"
Package: gettitlestring 2016/05/16 v1.5 Cleanup title references (HO)
)
\c@section@level=\count287
)
LaTeX Info: Redefining \ref on input line 54.
LaTeX Info: Redefining \pageref on input line 54.
LaTeX Info: Redefining \nameref on input line 54.

(egc_hpc_manual.out) (egc_hpc_manual.out)
\@outlinefile=\write5
\openout5 = `egc_hpc_manual.out'.

LaTeX Font Info:    Overwriting symbol font `operators' in version `normal'
(Font)                  OT1/cmr/m/n --> OT1/cmss/m/n on input line 54.
LaTeX Font Info:    Overwriting symbol font `operators' in version `bold'
(Font)                  OT1/cmr/bx/n --> OT1/cmss/bx/n on input line 54.
\symnumbers=\mathgroup6
\sympureletters=\mathgroup7
LaTeX Font Info:    Overwriting math alphabet `\mathrm' in version `normal'
(Font)                  OT1/cmss/m/n --> OT1/cmr/m/n on input line 54.
LaTeX Font Info:    Redeclaring math alphabet \mathbf on input line 54.
LaTeX Font Info:    Overwriting math alphabet `\mathbf' in version `normal'
(Font)                  OT1/cmr/bx/n --> OT1/cmss/bx/n on input line 54.
LaTeX Font Info:    Overwriting math alphabet `\mathbf' in version `bold'
(Font)                  OT1/cmr/bx/n --> OT1/cmss/bx/n on input line 54.
LaTeX Font Info:    Redeclaring math alphabet \mathsf on input line 54.
LaTeX Font Info:    Overwriting math alphabet `\mathsf' in version `normal'
(Font)                  OT1/cmss/m/n --> OT1/cmss/m/n on input line 54.
LaTeX Font Info:    Overwriting math alphabet `\mathsf' in version `bold'
(Font)                  OT1/cmss/bx/n --> OT1/cmss/m/n on input line 54.
LaTeX Font Info:    Redeclaring math alphabet \mathit on input line 54.
LaTeX Font Info:    Overwriting math alphabet `\mathit' in version `normal'
(Font)                  OT1/cmr/m/it --> OT1/cmss/m/it on input line 54.
LaTeX Font Info:    Overwriting math alphabet `\mathit' in version `bold'
(Font)                  OT1/cmr/bx/it --> OT1/cmss/m/it on input line 54.
LaTeX Font Info:    Redeclaring math alphabet \mathtt on input line 54.
LaTeX Font Info:    Overwriting math alphabet `\mathtt' in version `normal'
(Font)                  OT1/cmtt/m/n --> OT1/cmtt/m/n on input line 54.
LaTeX Font Info:    Overwriting math alphabet `\mathtt' in version `bold'
(Font)                  OT1/cmtt/m/n --> OT1/cmtt/m/n on input line 54.
LaTeX Font Info:    Overwriting symbol font `numbers' in version `bold'
(Font)                  OT1/cmss/m/n --> OT1/cmss/bx/n on input line 54.
LaTeX Font Info:    Overwriting symbol font `pureletters' in version `bold'
(Font)                  OT1/cmss/m/it --> OT1/cmss/bx/it on input line 54.
LaTeX Font Info:    Overwriting math alphabet `\mathrm' in version `bold'
(Font)                  OT1/cmss/bx/n --> OT1/cmr/bx/n on input line 54.
LaTeX Font Info:    Overwriting math alphabet `\mathbf' in version `bold'
(Font)                  OT1/cmss/bx/n --> OT1/cmss/bx/n on input line 54.
LaTeX Font Info:    Overwriting math alphabet `\mathsf' in version `bold'
(Font)                  OT1/cmss/m/n --> OT1/cmss/bx/n on input line 54.
LaTeX Font Info:    Overwriting math alphabet `\mathit' in version `bold'
(Font)                  OT1/cmss/m/it --> OT1/cmss/bx/it on input line 54.
LaTeX Font Info:    Overwriting math alphabet `\mathtt' in version `bold'
(Font)                  OT1/cmtt/m/n --> OT1/cmtt/bx/n on input line 54.
LaTeX Font Info:    Redeclaring symbol font `pureletters' on input line 54.
LaTeX Font Info:    Overwriting symbol font `pureletters' in version `normal'
(Font)                  OT1/cmss/m/it --> OT1/mathkerncmss/m/sl on input line 5
4.
LaTeX Font Info:    Overwriting symbol font `pureletters' in version `bold'
(Font)                  OT1/cmss/bx/it --> OT1/mathkerncmss/m/sl on input line 
54.
LaTeX Font Info:    Overwriting symbol font `pureletters' in version `bold'
(Font)                  OT1/mathkerncmss/m/sl --> OT1/mathkerncmss/bx/sl on inp
ut line 54.

(C:\Users\adw54\AppData\Roaming\MiKTeX\2.9\tex/latex/translator\translator-basi
c-dictionary-English.dict
Dictionary: translator-basic-dictionary, Language: English 
)
(C:\Users\adw54\AppData\Roaming\MiKTeX\2.9\tex/latex/translator\translator-bibl
iography-dictionary-English.dict
Dictionary: translator-bibliography-dictionary, Language: English 
)
(C:\Users\adw54\AppData\Roaming\MiKTeX\2.9\tex/latex/translator\translator-envi
ronment-dictionary-English.dict
Dictionary: translator-environment-dictionary, Language: English 
)
(C:\Users\adw54\AppData\Roaming\MiKTeX\2.9\tex/latex/translator\translator-mont
hs-dictionary-English.dict
Dictionary: translator-months-dictionary, Language: English 
)
(C:\Users\adw54\AppData\Roaming\MiKTeX\2.9\tex/latex/translator\translator-numb
ers-dictionary-English.dict
Dictionary: translator-numbers-dictionary, Language: English 
)
(C:\Users\adw54\AppData\Roaming\MiKTeX\2.9\tex/latex/translator\translator-theo
rem-dictionary-English.dict
Dictionary: translator-theorem-dictionary, Language: English 
)
Package pgfplots notification 'compat/show suggested version=true': you might b
enefit from \pgfplotsset{compat=1.16} (current compat level: 1.9).

\c@lstlisting=\count288
(egc_hpc_manual.nav)
Overfull \vbox (13.79993pt too high) detected at line 56
 []

[1

{C:/Users/adw54/AppData/Local/MiKTeX/2.9/pdftex/config/pdftex.map}] [2

]
[3

] (egc_hpc_manual.toc) (egc_hpc_manual.toc
LaTeX Font Info:    Try loading font information for U+msa on input line 18.

("C:\Program Files\MiKTeX 2.9\tex/latex/amsfonts\umsa.fd"
File: umsa.fd 2013/01/14 v3.01 AMS symbols A
)
LaTeX Font Info:    Try loading font information for U+msb on input line 18.

("C:\Program Files\MiKTeX 2.9\tex/latex/amsfonts\umsb.fd"
File: umsb.fd 2013/01/14 v3.01 AMS symbols B
)
LaTeX Font Info:    Try loading font information for OT1+mathkerncmss on input 
line 18.

(C:\Users\adw54\AppData\Roaming\MiKTeX\2.9\tex/latex/sansmathaccent\ot1mathkern
cmss.fd
File: ot1mathkerncmss.fd 2013/03/27 Fontinst v1.933 font definitions for OT1/ma
thkerncmss.
)) [4

] [5

]
LaTeX Font Info:    Try loading font information for TS1+cmss on input line 111
.
 ("C:\Program Files\MiKTeX 2.9\tex/latex/base\ts1cmss.fd"
File: ts1cmss.fd 2014/09/29 v2.5h Standard LaTeX font definitions
)
[6

] [7

] [8

] [9

] [10

] [11

]
<screenshots/fig1a.PNG, id=235, 1398.72563pt x 813.0375pt>
File: screenshots/fig1a.PNG Graphic file (type png)
<use screenshots/fig1a.PNG>
Package pdftex.def Info: screenshots/fig1a.PNG  used on input line 155.
(pdftex.def)             Requested size: 307.28987pt x 178.60828pt.
 [12

 <./screenshots/fig1a.PNG>]
<screenshots/fig1b.PNG, id=243, 1398.72563pt x 813.0375pt>
File: screenshots/fig1b.PNG Graphic file (type png)
<use screenshots/fig1b.PNG>
Package pdftex.def Info: screenshots/fig1b.PNG  used on input line 155.
(pdftex.def)             Requested size: 307.28987pt x 178.60828pt.
 [13

 <./screenshots/fig1b.PNG>] [14

]

LaTeX Font Warning: Font shape `OT1/cmss/bx/it' undefined
(Font)              using `OT1/cmss/bx/n' instead on input line 173.

[15

] [16

]
<screenshots/fig2a.PNG, id=270, 1445.4pt x 813.0375pt>
File: screenshots/fig2a.PNG Graphic file (type png)
<use screenshots/fig2a.PNG>
Package pdftex.def Info: screenshots/fig2a.PNG  used on input line 194.
(pdftex.def)             Requested size: 307.28987pt x 172.85191pt.

Overfull \vbox (12.45848pt too high) detected at line 194
 []

[17

 <./screenshots/fig2a.PNG>]
<screenshots/fig2b.PNG, id=277, 360.59718pt x 350.81062pt>
File: screenshots/fig2b.PNG Graphic file (type png)
<use screenshots/fig2b.PNG>
Package pdftex.def Info: screenshots/fig2b.PNG  used on input line 194.
(pdftex.def)             Requested size: 191.6218pt x 186.41469pt.

Overfull \vbox (10.27689pt too high) detected at line 194
 []

[18

 <./screenshots/fig2b.PNG>]
<screenshots/fig2c.PNG, id=284, 360.59718pt x 350.81062pt>
File: screenshots/fig2c.PNG Graphic file (type png)
<use screenshots/fig2c.PNG>
Package pdftex.def Info: screenshots/fig2c.PNG  used on input line 194.
(pdftex.def)             Requested size: 191.6218pt x 186.41469pt.

Overfull \vbox (12.22133pt too high) detected at line 194
 []

[19

 <./screenshots/fig2c.PNG>] [20

]
<screenshots/fig3a.PNG, id=298, 1445.4pt x 813.0375pt>
File: screenshots/fig3a.PNG Graphic file (type png)
<use screenshots/fig3a.PNG>
Package pdftex.def Info: screenshots/fig3a.PNG  used on input line 216.
(pdftex.def)             Requested size: 307.28987pt x 172.85191pt.

Overfull \vbox (4.45848pt too high) detected at line 216
 []

[21

 <./screenshots/fig3a.PNG>]
<screenshots/fig3b.PNG, id=305, 676.02562pt x 454.69875pt>
File: screenshots/fig3b.PNG Graphic file (type png)
<use screenshots/fig3b.PNG>
Package pdftex.def Info: screenshots/fig3b.PNG  used on input line 216.
(pdftex.def)             Requested size: 245.83282pt x 165.34962pt.
 [22

 <./screenshots/fig3b.PNG>]
File: screenshots/fig3b.PNG Graphic file (type png)
<use screenshots/fig3b.PNG>
Package pdftex.def Info: screenshots/fig3b.PNG  used on input line 216.
(pdftex.def)             Requested size: 245.83282pt x 165.34962pt.
 [23

]
File: screenshots/fig3b.PNG Graphic file (type png)
<use screenshots/fig3b.PNG>
Package pdftex.def Info: screenshots/fig3b.PNG  used on input line 216.
(pdftex.def)             Requested size: 245.83282pt x 165.34962pt.
 [24

]
File: screenshots/fig3b.PNG Graphic file (type png)
<use screenshots/fig3b.PNG>
Package pdftex.def Info: screenshots/fig3b.PNG  used on input line 216.
(pdftex.def)             Requested size: 245.83282pt x 165.34962pt.

[25

] [26

]
<screenshots/fig4a.PNG, id=333, 1398.72563pt x 813.0375pt>
File: screenshots/fig4a.PNG Graphic file (type png)
<use screenshots/fig4a.PNG>
Package pdftex.def Info: screenshots/fig4a.PNG  used on input line 232.
(pdftex.def)             Requested size: 307.28987pt x 178.60828pt.
 [27

 <./screenshots/fig4a.PNG>]
<screenshots/fig5a.PNG, id=341, 481.04718pt x 324.46219pt>
File: screenshots/fig5a.PNG Graphic file (type png)
<use screenshots/fig5a.PNG>
Package pdftex.def Info: screenshots/fig5a.PNG  used on input line 264.
(pdftex.def)             Requested size: 276.559pt x 186.53954pt.

Overfull \vbox (18.1461pt too high) detected at line 264
 []

[28

 <./screenshots/fig5a.PNG>]
<screenshots/fig5b.PNG, id=348, 481.04718pt x 324.46219pt>
File: screenshots/fig5b.PNG Graphic file (type png)
<use screenshots/fig5b.PNG>
Package pdftex.def Info: screenshots/fig5b.PNG  used on input line 264.
(pdftex.def)             Requested size: 276.559pt x 186.53954pt.

Overfull \vbox (16.20166pt too high) detected at line 264
 []

[29

 <./screenshots/fig5b.PNG>]
<screenshots/fig5c.PNG, id=355, 423.83344pt x 345.54094pt>
File: screenshots/fig5c.PNG Graphic file (type png)
<use screenshots/fig5c.PNG>
Package pdftex.def Info: screenshots/fig5c.PNG  used on input line 264.
(pdftex.def)             Requested size: 215.10196pt x 175.36412pt.

Overfull \vbox (7.52625pt too high) detected at line 264
 []

[30

 <./screenshots/fig5c.PNG>]
<screenshots/fig5d.PNG, id=363, 481.04718pt x 324.46219pt>
File: screenshots/fig5d.PNG Graphic file (type png)
<use screenshots/fig5d.PNG>
Package pdftex.def Info: screenshots/fig5d.PNG  used on input line 264.
(pdftex.def)             Requested size: 245.83282pt x 165.81512pt.
 [31

 <./screenshots/fig5d.PNG>]
<screenshots/fig5e.PNG, id=371, 825.0825pt x 530.73282pt>
File: screenshots/fig5e.PNG Graphic file (type png)
<use screenshots/fig5e.PNG>
Package pdftex.def Info: screenshots/fig5e.PNG  used on input line 264.
(pdftex.def)             Requested size: 245.83282pt x 158.12779pt.

Overfull \vbox (17.33421pt too high) detected at line 264
 []

[32

 <./screenshots/fig5e.PNG>]
<screenshots/fig5f.PNG, id=378, 825.83531pt x 532.23843pt>
File: screenshots/fig5f.PNG Graphic file (type png)
<use screenshots/fig5f.PNG>
Package pdftex.def Info: screenshots/fig5f.PNG  used on input line 264.
(pdftex.def)             Requested size: 245.83282pt x 158.43019pt.
 [33

 <./screenshots/fig5f.PNG>]
<screenshots/fig5g.PNG, id=385, 255.20343pt x 210.7875pt>
File: screenshots/fig5g.PNG Graphic file (type png)
<use screenshots/fig5g.PNG>
Package pdftex.def Info: screenshots/fig5g.PNG  used on input line 264.
(pdftex.def)             Requested size: 153.64493pt x 126.91089pt.
 [34

 <./screenshots/fig5g.PNG>]
<screenshots/fig5h.PNG, id=392, 825.0825pt x 530.73282pt>
File: screenshots/fig5h.PNG Graphic file (type png)
<use screenshots/fig5h.PNG>
Package pdftex.def Info: screenshots/fig5h.PNG  used on input line 264.
(pdftex.def)             Requested size: 215.10196pt x 138.3598pt.
 [35

 <./screenshots/fig5h.PNG>]
<screenshots/fig5i.PNG, id=399, 363.60844pt x 343.2825pt>
File: screenshots/fig5i.PNG Graphic file (type png)
<use screenshots/fig5i.PNG>
Package pdftex.def Info: screenshots/fig5i.PNG  used on input line 264.
(pdftex.def)             Requested size: 184.3758pt x 174.07127pt.

Overfull \vbox (19.47777pt too high) detected at line 264
 []

[36

 <./screenshots/fig5i.PNG>]
<screenshots/fig5j.PNG, id=406, 996.72375pt x 642.90187pt>
File: screenshots/fig5j.PNG Graphic file (type png)
<use screenshots/fig5j.PNG>
Package pdftex.def Info: screenshots/fig5j.PNG  used on input line 264.
(pdftex.def)             Requested size: 245.83282pt x 158.55708pt.
 [37

 <./screenshots/fig5j.PNG>]
<screenshots/fig5k.PNG, id=414, 272.51813pt x 156.585pt>
File: screenshots/fig5k.PNG Graphic file (type png)
<use screenshots/fig5k.PNG>
Package pdftex.def Info: screenshots/fig5k.PNG  used on input line 264.
(pdftex.def)             Requested size: 245.83282pt x 141.25252pt.
 [38

 <./screenshots/fig5k.PNG>]
<screenshots/fig5l.PNG, id=421, 825.0825pt x 530.73282pt>
File: screenshots/fig5l.PNG Graphic file (type png)
<use screenshots/fig5l.PNG>
Package pdftex.def Info: screenshots/fig5l.PNG  used on input line 264.
(pdftex.def)             Requested size: 245.83282pt x 158.12779pt.
 [39

 <./screenshots/fig5l.PNG>] [40

] [41

] [42

]
<screenshots/fig6a.PNG, id=444, 1398.72563pt x 813.0375pt>
File: screenshots/fig6a.PNG Graphic file (type png)
<use screenshots/fig6a.PNG>
Package pdftex.def Info: screenshots/fig6a.PNG  used on input line 293.
(pdftex.def)             Requested size: 276.559pt x 160.74373pt.
 [43

 <./screenshots/fig6a.PNG>]
<screenshots/fig6b.PNG, id=452, 1398.72563pt x 813.0375pt>
File: screenshots/fig6b.PNG Graphic file (type png)
<use screenshots/fig6b.PNG>
Package pdftex.def Info: screenshots/fig6b.PNG  used on input line 293.
(pdftex.def)             Requested size: 276.559pt x 160.74373pt.
 [44

 <./screenshots/fig6b.PNG>]
File: screenshots/fig6b.PNG Graphic file (type png)
<use screenshots/fig6b.PNG>
Package pdftex.def Info: screenshots/fig6b.PNG  used on input line 293.
(pdftex.def)             Requested size: 276.559pt x 160.74373pt.

Overfull \vbox (6.70578pt too high) detected at line 293
 []

[45

]
File: screenshots/fig6b.PNG Graphic file (type png)
<use screenshots/fig6b.PNG>
Package pdftex.def Info: screenshots/fig6b.PNG  used on input line 293.
(pdftex.def)             Requested size: 276.559pt x 160.74373pt.
 [46

] [47

] [48

] [49

]
\openout4 = `egc_hpc_manual.vrb'.

 (egc_hpc_manual.vrb
(C:\Users\adw54\AppData\Roaming\MiKTeX\2.9\tex/latex/listings\lstlang1.sty
File: lstlang1.sty 2019/09/10 1.8c listings language file
)
(C:\Users\adw54\AppData\Roaming\MiKTeX\2.9\tex/latex/listings\lstlang1.sty
File: lstlang1.sty 2019/09/10 1.8c listings language file
))
[50

]
\openout4 = `egc_hpc_manual.vrb'.

 (egc_hpc_manual.vrb) [51

] [52

]
<screenshots/fig7a.PNG, id=503, 1398.72563pt x 813.0375pt>
File: screenshots/fig7a.PNG Graphic file (type png)
<use screenshots/fig7a.PNG>
Package pdftex.def Info: screenshots/fig7a.PNG  used on input line 368.
(pdftex.def)             Requested size: 276.559pt x 160.74373pt.

Overfull \vbox (6.42801pt too high) detected at line 368
 []

[53

 <./screenshots/fig7a.PNG>]
<screenshots/fig7b.PNG, id=509, 1398.72563pt x 813.0375pt>
File: screenshots/fig7b.PNG Graphic file (type png)
<use screenshots/fig7b.PNG>
Package pdftex.def Info: screenshots/fig7b.PNG  used on input line 368.
(pdftex.def)             Requested size: 276.559pt x 160.74373pt.

Overfull \vbox (5.03908pt too high) detected at line 368
 []

[54

 <./screenshots/fig7b.PNG>]
<screenshots/fig7c.PNG, id=516, 1398.72563pt x 813.0375pt>
File: screenshots/fig7c.PNG Graphic file (type png)
<use screenshots/fig7c.PNG>
Package pdftex.def Info: screenshots/fig7c.PNG  used on input line 368.
(pdftex.def)             Requested size: 276.559pt x 160.74373pt.
 [55

 <./screenshots/fig7c.PNG>]
<screenshots/fig7d.PNG, id=524, 1398.72563pt x 813.0375pt>
File: screenshots/fig7d.PNG Graphic file (type png)
<use screenshots/fig7d.PNG>
Package pdftex.def Info: screenshots/fig7d.PNG  used on input line 368.
(pdftex.def)             Requested size: 276.559pt x 160.74373pt.

Overfull \vbox (18.839pt too high) detected at line 368
 []

[56

 <./screenshots/fig7d.PNG>]
<screenshots/fig7e.PNG, id=531, 1398.72563pt x 813.0375pt>
File: screenshots/fig7e.PNG Graphic file (type png)
<use screenshots/fig7e.PNG>
Package pdftex.def Info: screenshots/fig7e.PNG  used on input line 368.
(pdftex.def)             Requested size: 276.559pt x 160.74373pt.

Overfull \vbox (6.15022pt too high) detected at line 368
 []

[57

 <./screenshots/fig7e.PNG>] [58

]
<screenshots/fig8a.PNG, id=543, 1398.72563pt x 813.0375pt>
File: screenshots/fig8a.PNG Graphic file (type png)
<use screenshots/fig8a.PNG>
Package pdftex.def Info: screenshots/fig8a.PNG  used on input line 393.
(pdftex.def)             Requested size: 276.559pt x 160.74373pt.
 [59

 <./screenshots/fig8a.PNG>]
File: screenshots/fig8a.PNG Graphic file (type png)
<use screenshots/fig8a.PNG>
Package pdftex.def Info: screenshots/fig8a.PNG  used on input line 393.
(pdftex.def)             Requested size: 276.559pt x 160.74373pt.

Overfull \vbox (6.42801pt too high) detected at line 393
 []

[60

]
<screenshots/fig8b.PNG, id=555, 892.08281pt x 566.115pt>
File: screenshots/fig8b.PNG Graphic file (type png)
<use screenshots/fig8b.PNG>
Package pdftex.def Info: screenshots/fig8b.PNG  used on input line 393.
(pdftex.def)             Requested size: 276.559pt x 175.50247pt.

Overfull \vbox (7.10904pt too high) detected at line 393
 []

[61

 <./screenshots/fig8b.PNG>]
<screenshots/fig8c.PNG, id=563, 1397.22pt x 810.77907pt>
File: screenshots/fig8c.PNG Graphic file (type png)
<use screenshots/fig8c.PNG>
Package pdftex.def Info: screenshots/fig8c.PNG  used on input line 393.
(pdftex.def)             Requested size: 276.559pt x 160.48279pt.
 [62

 <./screenshots/fig8c.PNG>] [63

] [64

]
\openout4 = `egc_hpc_manual.vrb'.


(egc_hpc_manual.vrb (../stata_job.sh)) [65

]
\openout4 = `egc_hpc_manual.vrb'.

 (egc_hpc_manual.vrb) [66

] [67

]
[68

]
<screenshots/fig9a.PNG, id=602, 676.77844pt x 520.19344pt>
File: screenshots/fig9a.PNG Graphic file (type png)
<use screenshots/fig9a.PNG>
Package pdftex.def Info: screenshots/fig9a.PNG  used on input line 437.
(pdftex.def)             Requested size: 215.10196pt x 165.33023pt.
 [69

 <./screenshots/fig9a.PNG>]
<screenshots/fig9b.PNG, id=609, 676.77844pt x 520.19344pt>
File: screenshots/fig9b.PNG Graphic file (type png)
<use screenshots/fig9b.PNG>
Package pdftex.def Info: screenshots/fig9b.PNG  used on input line 443.
(pdftex.def)             Requested size: 245.83282pt x 188.95224pt.

Overfull \vbox (19.13237pt too high) detected at line 443
 []

[70

 <./screenshots/fig9b.PNG>]
\openout4 = `egc_hpc_manual.vrb'.

 (egc_hpc_manual.vrb (../stata/0_master.do
LaTeX Font Info:    Try loading font information for OML+cmss on input line 6.
LaTeX Font Info:    No file OMLcmss.fd. on input line 6.


LaTeX Font Warning: Font shape `OML/cmss/m/sl' undefined
(Font)              using `OML/cmm/m/it' instead
(Font)              for symbol `textless' on input line 6.

)) [71

] (egc_hpc_manual.vrb (../stata/0_master.do
LaTeX Font Info:    Try loading font information for OMS+cmss on input line 23.

LaTeX Font Info:    No file OMScmss.fd. on input line 23.


LaTeX Font Warning: Font shape `OMS/cmss/m/n' undefined
(Font)              using `OMS/cmsy/m/n' instead
(Font)              for symbol `textbraceleft' on input line 23.

)) [72

] [73

]
\openout4 = `egc_hpc_manual.vrb'.

 (egc_hpc_manual.vrb (../stata/1_read.do)) [74

]
<screenshots/fig10a.PNG, id=642, 676.77844pt x 520.19344pt>
File: screenshots/fig10a.PNG Graphic file (type png)
<use screenshots/fig10a.PNG>
Package pdftex.def Info: screenshots/fig10a.PNG  used on input line 475.
(pdftex.def)             Requested size: 215.10196pt x 165.33023pt.

Overfull \vbox (19.31029pt too high) detected at line 475
 []

[75

 <./screenshots/fig10a.PNG>]
\openout4 = `egc_hpc_manual.vrb'.

 (egc_hpc_manual.vrb (../stata_job.sh)) [76

]
<screenshots/fig11a.PNG, id=654, 825.0825pt x 530.73282pt>
File: screenshots/fig11a.PNG Graphic file (type png)
<use screenshots/fig11a.PNG>
Package pdftex.def Info: screenshots/fig11a.PNG  used on input line 494.
(pdftex.def)             Requested size: 276.559pt x 177.8958pt.

Overfull \vbox (15.37592pt too high) detected at line 494
 []

[77

 <./screenshots/fig11a.PNG>]
<screenshots/fig11b.PNG, id=661, 363.60844pt x 343.2825pt>
File: screenshots/fig11b.PNG Graphic file (type png)
<use screenshots/fig11b.PNG>
Package pdftex.def Info: screenshots/fig11b.PNG  used on input line 494.
(pdftex.def)             Requested size: 184.3758pt x 174.07127pt.
 [78

 <./screenshots/fig11b.PNG>]
<screenshots/fig11c.PNG, id=668, 996.72375pt x 642.90187pt>
File: screenshots/fig11c.PNG Graphic file (type png)
<use screenshots/fig11c.PNG>
Package pdftex.def Info: screenshots/fig11c.PNG  used on input line 494.
(pdftex.def)             Requested size: 215.10196pt x 138.74112pt.
 [79

 <./screenshots/fig11c.PNG>]
<screenshots/fig11d.PNG, id=676, 1398.72563pt x 813.0375pt>
File: screenshots/fig11d.PNG Graphic file (type png)
<use screenshots/fig11d.PNG>
Package pdftex.def Info: screenshots/fig11d.PNG  used on input line 507.
(pdftex.def)             Requested size: 215.10196pt x 125.02702pt.
 [80

 <./screenshots/fig11d.PNG>]
File: screenshots/fig11d.PNG Graphic file (type png)
<use screenshots/fig11d.PNG>
Package pdftex.def Info: screenshots/fig11d.PNG  used on input line 507.
(pdftex.def)             Requested size: 215.10196pt x 125.02702pt.
 [81

]
<screenshots/fig11e.PNG, id=688, 1398.72563pt x 813.0375pt>
File: screenshots/fig11e.PNG Graphic file (type png)
<use screenshots/fig11e.PNG>
Package pdftex.def Info: screenshots/fig11e.PNG  used on input line 507.
(pdftex.def)             Requested size: 215.10196pt x 125.02702pt.
 [82

 <./screenshots/fig11e.PNG>] [83

] [84

] [85

] [86

]
<screenshots/fig12a.PNG, id=716, 1398.72563pt x 813.0375pt>
File: screenshots/fig12a.PNG Graphic file (type png)
<use screenshots/fig12a.PNG>
Package pdftex.def Info: screenshots/fig12a.PNG  used on input line 557.
(pdftex.def)             Requested size: 276.559pt x 160.74373pt.
 [87

 <./screenshots/fig12a.PNG>]
<screenshots/fig12b.PNG, id=723, 1398.72563pt x 813.0375pt>
File: screenshots/fig12b.PNG Graphic file (type png)
<use screenshots/fig12b.PNG>
Package pdftex.def Info: screenshots/fig12b.PNG  used on input line 557.
(pdftex.def)             Requested size: 276.559pt x 160.74373pt.
 [88

 <./screenshots/fig12b.PNG>]
<screenshots/fig12c.PNG, id=730, 1398.72563pt x 813.0375pt>
File: screenshots/fig12c.PNG Graphic file (type png)
<use screenshots/fig12c.PNG>
Package pdftex.def Info: screenshots/fig12c.PNG  used on input line 557.
(pdftex.def)             Requested size: 276.559pt x 160.74373pt.
 [89

 <./screenshots/fig12c.PNG>]
<screenshots/fig12d.PNG, id=738, 1398.72563pt x 813.0375pt>
File: screenshots/fig12d.PNG Graphic file (type png)
<use screenshots/fig12d.PNG>
Package pdftex.def Info: screenshots/fig12d.PNG  used on input line 557.
(pdftex.def)             Requested size: 276.559pt x 160.74373pt.

Overfull \vbox (10.00157pt too high) detected at line 557
 []

[90

 <./screenshots/fig12d.PNG>]
<screenshots/fig12e.PNG, id=745, 1398.72563pt x 813.0375pt>
File: screenshots/fig12e.PNG Graphic file (type png)
<use screenshots/fig12e.PNG>
Package pdftex.def Info: screenshots/fig12e.PNG  used on input line 557.
(pdftex.def)             Requested size: 276.559pt x 160.74373pt.
 [91

 <./screenshots/fig12e.PNG>]
<screenshots/fig12f.PNG, id=753, 1398.72563pt x 813.0375pt>
File: screenshots/fig12f.PNG Graphic file (type png)
<use screenshots/fig12f.PNG>
Package pdftex.def Info: screenshots/fig12f.PNG  used on input line 557.
(pdftex.def)             Requested size: 276.559pt x 160.74373pt.
 [92

 <./screenshots/fig12f.PNG>] [93

] [94

]
<screenshots/fig13a.PNG, id=769, 676.77844pt x 520.19344pt>
File: screenshots/fig13a.PNG Graphic file (type png)
<use screenshots/fig13a.PNG>
Package pdftex.def Info: screenshots/fig13a.PNG  used on input line 576.
(pdftex.def)             Requested size: 215.10196pt x 165.33023pt.
 [95

 <./screenshots/fig13a.PNG>]
<screenshots/fig13b.PNG, id=776, 676.77844pt x 520.19344pt>
File: screenshots/fig13b.PNG Graphic file (type png)
<use screenshots/fig13b.PNG>
Package pdftex.def Info: screenshots/fig13b.PNG  used on input line 582.
(pdftex.def)             Requested size: 245.83282pt x 188.95224pt.

Overfull \vbox (19.13237pt too high) detected at line 582
 []

[96

 <./screenshots/fig13b.PNG>]
\openout4 = `egc_hpc_manual.vrb'.

 (egc_hpc_manual.vrb
(C:\Users\adw54\AppData\Roaming\MiKTeX\2.9\tex/latex/listings\lstlang1.sty
File: lstlang1.sty 2019/09/10 1.8c listings language file
)
(../python/0_master.py

LaTeX Font Warning: Font shape `OML/cmss/m/it' undefined
(Font)              using `OML/cmm/m/it' instead
(Font)              for symbol `textless' on input line 6.

)) [97

] (egc_hpc_manual.vrb (../python/0_master.py)) [98

] [99

]
\openout4 = `egc_hpc_manual.vrb'.


(egc_hpc_manual.vrb (../python/1_read.py)) [100

]
<screenshots/fig13c.PNG, id=804, 676.77844pt x 520.19344pt>
File: screenshots/fig13c.PNG Graphic file (type png)
<use screenshots/fig13c.PNG>
Package pdftex.def Info: screenshots/fig13c.PNG  used on input line 614.
(pdftex.def)             Requested size: 215.10196pt x 165.33023pt.

Overfull \vbox (19.31029pt too high) detected at line 614
 []

[101

 <./screenshots/fig13c.PNG>]
\openout4 = `egc_hpc_manual.vrb'.

 (egc_hpc_manual.vrb (../python_job.sh))
Overfull \vbox (1.0036pt too high) detected at line 621
 []

[102

]
File: screenshots/fig11a.PNG Graphic file (type png)
<use screenshots/fig11a.PNG>
Package pdftex.def Info: screenshots/fig11a.PNG  used on input line 628.
(pdftex.def)             Requested size: 276.559pt x 177.8958pt.

Overfull \vbox (15.37592pt too high) detected at line 628
 []

[103

]
<screenshots/fig13d.PNG, id=822, 1398.72563pt x 813.0375pt>
File: screenshots/fig13d.PNG Graphic file (type png)
<use screenshots/fig13d.PNG>
Package pdftex.def Info: screenshots/fig13d.PNG  used on input line 639.
(pdftex.def)             Requested size: 276.559pt x 160.74373pt.
 [104

 <./screenshots/fig13d.PNG>]
File: screenshots/fig13d.PNG Graphic file (type png)
<use screenshots/fig13d.PNG>
Package pdftex.def Info: screenshots/fig13d.PNG  used on input line 639.
(pdftex.def)             Requested size: 276.559pt x 160.74373pt.

Overfull \vbox (10.00157pt too high) detected at line 639
 []

[105

]
File: screenshots/fig13d.PNG Graphic file (type png)
<use screenshots/fig13d.PNG>
Package pdftex.def Info: screenshots/fig13d.PNG  used on input line 639.
(pdftex.def)             Requested size: 276.559pt x 160.74373pt.
 [106

] [107

] [108

] [109

] [110

]
<screenshots/fig16a.PNG, id=860, 1398.72563pt x 813.0375pt>
File: screenshots/fig16a.PNG Graphic file (type png)
<use screenshots/fig16a.PNG>
Package pdftex.def Info: screenshots/fig16a.PNG  used on input line 688.
(pdftex.def)             Requested size: 276.559pt x 160.74373pt.
 [111

 <./screenshots/fig16a.PNG>]
<screenshots/fig16b.PNG, id=867, 1398.72563pt x 813.0375pt>
File: screenshots/fig16b.PNG Graphic file (type png)
<use screenshots/fig16b.PNG>
Package pdftex.def Info: screenshots/fig16b.PNG  used on input line 688.
(pdftex.def)             Requested size: 276.559pt x 160.74373pt.
 [112

 <./screenshots/fig16b.PNG>]
<screenshots/fig16c.PNG, id=874, 1398.72563pt x 813.0375pt>
File: screenshots/fig16c.PNG Graphic file (type png)
<use screenshots/fig16c.PNG>
Package pdftex.def Info: screenshots/fig16c.PNG  used on input line 688.
(pdftex.def)             Requested size: 276.559pt x 160.74373pt.
 [113

 <./screenshots/fig16c.PNG>]
<screenshots/fig16d.PNG, id=881, 1398.72563pt x 813.0375pt>
File: screenshots/fig16d.PNG Graphic file (type png)
<use screenshots/fig16d.PNG>
Package pdftex.def Info: screenshots/fig16d.PNG  used on input line 688.
(pdftex.def)             Requested size: 276.559pt x 160.74373pt.

Overfull \vbox (7.77934pt too high) detected at line 688
 []

[114

 <./screenshots/fig16d.PNG>]
<screenshots/fig16e.PNG, id=888, 1398.72563pt x 813.0375pt>
File: screenshots/fig16e.PNG Graphic file (type png)
<use screenshots/fig16e.PNG>
Package pdftex.def Info: screenshots/fig16e.PNG  used on input line 688.
(pdftex.def)             Requested size: 276.559pt x 160.74373pt.
 [115

 <./screenshots/fig16e.PNG>]
<screenshots/fig16f.PNG, id=896, 1398.72563pt x 813.0375pt>
File: screenshots/fig16f.PNG Graphic file (type png)
<use screenshots/fig16f.PNG>
Package pdftex.def Info: screenshots/fig16f.PNG  used on input line 688.
(pdftex.def)             Requested size: 276.559pt x 160.74373pt.
 [116

 <./screenshots/fig16f.PNG>] [117

] [118

]
<screenshots/fig14a.PNG, id=912, 676.77844pt x 520.19344pt>
File: screenshots/fig14a.PNG Graphic file (type png)
<use screenshots/fig14a.PNG>
Package pdftex.def Info: screenshots/fig14a.PNG  used on input line 707.
(pdftex.def)             Requested size: 215.10196pt x 165.33023pt.
 [119

 <./screenshots/fig14a.PNG>]
<screenshots/fig14b.PNG, id=919, 676.77844pt x 520.19344pt>
File: screenshots/fig14b.PNG Graphic file (type png)
<use screenshots/fig14b.PNG>
Package pdftex.def Info: screenshots/fig14b.PNG  used on input line 713.
(pdftex.def)             Requested size: 245.83282pt x 188.95224pt.

Overfull \vbox (19.13237pt too high) detected at line 713
 []

[120

 <./screenshots/fig14b.PNG>]
\openout4 = `egc_hpc_manual.vrb'.

 (egc_hpc_manual.vrb
(C:\Users\adw54\AppData\Roaming\MiKTeX\2.9\tex/latex/listings\lstlang1.sty
File: lstlang1.sty 2019/09/10 1.8c listings language file
)
(C:\Users\adw54\AppData\Roaming\MiKTeX\2.9\tex/latex/listings\lstlang2.sty
File: lstlang2.sty 2019/09/10 1.8c listings language file
)
(C:\Users\adw54\AppData\Roaming\MiKTeX\2.9\tex/latex/listings\lstlang3.sty
File: lstlang3.sty 2019/09/10 1.8c listings language file
)
(../r/0_master.R)) [121

] (egc_hpc_manual.vrb (../r/0_master.R

LaTeX Font Warning: Font shape `OML/cmss/bx/n' undefined
(Font)              using `OML/cmss/m/it' instead
(Font)              for symbol `textless' on input line 24.

)) [122

] [123

]
\openout4 = `egc_hpc_manual.vrb'.

 (egc_hpc_manual.vrb (../r/1_read.R

LaTeX Font Warning: Font shape `OML/cmss/m/n' undefined
(Font)              using `OML/cmss/m/it' instead
(Font)              for symbol `textless' on input line 18.

)) [124

]
<screenshots/fig14c.PNG, id=947, 676.77844pt x 520.19344pt>
File: screenshots/fig14c.PNG Graphic file (type png)
<use screenshots/fig14c.PNG>
Package pdftex.def Info: screenshots/fig14c.PNG  used on input line 745.
(pdftex.def)             Requested size: 215.10196pt x 165.33023pt.

Overfull \vbox (19.31029pt too high) detected at line 745
 []

[125

 <./screenshots/fig14c.PNG>]
\openout4 = `egc_hpc_manual.vrb'.

 (egc_hpc_manual.vrb (../r_job.sh))
Overfull \vbox (1.0036pt too high) detected at line 752
 []

[126

]
File: screenshots/fig11a.PNG Graphic file (type png)
<use screenshots/fig11a.PNG>
Package pdftex.def Info: screenshots/fig11a.PNG  used on input line 759.
(pdftex.def)             Requested size: 276.559pt x 177.8958pt.

Overfull \vbox (15.37592pt too high) detected at line 759
 []

[127

]
<screenshots/fig14d.PNG, id=965, 1398.72563pt x 813.0375pt>
File: screenshots/fig14d.PNG Graphic file (type png)
<use screenshots/fig14d.PNG>
Package pdftex.def Info: screenshots/fig14d.PNG  used on input line 770.
(pdftex.def)             Requested size: 276.559pt x 160.74373pt.
 [128

 <./screenshots/fig14d.PNG>]
File: screenshots/fig14d.PNG Graphic file (type png)
<use screenshots/fig14d.PNG>
Package pdftex.def Info: screenshots/fig14d.PNG  used on input line 770.
(pdftex.def)             Requested size: 276.559pt x 160.74373pt.

Overfull \vbox (10.00157pt too high) detected at line 770
 []

[129

]
File: screenshots/fig14d.PNG Graphic file (type png)
<use screenshots/fig14d.PNG>
Package pdftex.def Info: screenshots/fig14d.PNG  used on input line 770.
(pdftex.def)             Requested size: 276.559pt x 160.74373pt.
 [130

] [131

] [132

] [133

]
<screenshots/fig17a.PNG, id=997, 1398.72563pt x 813.0375pt>
File: screenshots/fig17a.PNG Graphic file (type png)
<use screenshots/fig17a.PNG>
Package pdftex.def Info: screenshots/fig17a.PNG  used on input line 808.
(pdftex.def)             Requested size: 276.559pt x 160.74373pt.
<screenshots/fig17b.PNG, id=998, 1398.72563pt x 813.0375pt>
File: screenshots/fig17b.PNG Graphic file (type png)
<use screenshots/fig17b.PNG>
Package pdftex.def Info: screenshots/fig17b.PNG  used on input line 808.
(pdftex.def)             Requested size: 276.559pt x 160.74373pt.
<screenshots/fig17c.PNG, id=999, 1398.72563pt x 813.0375pt>
File: screenshots/fig17c.PNG Graphic file (type png)
<use screenshots/fig17c.PNG>
Package pdftex.def Info: screenshots/fig17c.PNG  used on input line 808.
(pdftex.def)             Requested size: 276.559pt x 160.74373pt.

Overfull \vbox (275.50034pt too high) detected at line 808
 []

[134

 <./screenshots/fig17a.PNG> <./screenshots/fig17b.PNG> <./screenshots/fig17c.PN
G>]
File: screenshots/fig17a.PNG Graphic file (type png)
<use screenshots/fig17a.PNG>
Package pdftex.def Info: screenshots/fig17a.PNG  used on input line 808.
(pdftex.def)             Requested size: 276.559pt x 160.74373pt.
File: screenshots/fig17b.PNG Graphic file (type png)
<use screenshots/fig17b.PNG>
Package pdftex.def Info: screenshots/fig17b.PNG  used on input line 808.
(pdftex.def)             Requested size: 276.559pt x 160.74373pt.
File: screenshots/fig17c.PNG Graphic file (type png)
<use screenshots/fig17c.PNG>
Package pdftex.def Info: screenshots/fig17c.PNG  used on input line 808.
(pdftex.def)             Requested size: 276.559pt x 160.74373pt.

Overfull \vbox (275.50034pt too high) detected at line 808
 []

[135

]
File: screenshots/fig17a.PNG Graphic file (type png)
<use screenshots/fig17a.PNG>
Package pdftex.def Info: screenshots/fig17a.PNG  used on input line 808.
(pdftex.def)             Requested size: 276.559pt x 160.74373pt.
File: screenshots/fig17b.PNG Graphic file (type png)
<use screenshots/fig17b.PNG>
Package pdftex.def Info: screenshots/fig17b.PNG  used on input line 808.
(pdftex.def)             Requested size: 276.559pt x 160.74373pt.
File: screenshots/fig17c.PNG Graphic file (type png)
<use screenshots/fig17c.PNG>
Package pdftex.def Info: screenshots/fig17c.PNG  used on input line 808.
(pdftex.def)             Requested size: 276.559pt x 160.74373pt.

Overfull \vbox (289.30026pt too high) detected at line 808
 []

[136

] [137

] [138

]
<screenshots/fig15a.PNG, id=1027, 676.77844pt x 520.19344pt>
File: screenshots/fig15a.PNG Graphic file (type png)
<use screenshots/fig15a.PNG>
Package pdftex.def Info: screenshots/fig15a.PNG  used on input line 829.
(pdftex.def)             Requested size: 215.10196pt x 165.33023pt.
 [139

 <./screenshots/fig15a.PNG>]
<screenshots/fig15b.PNG, id=1035, 676.77844pt x 520.19344pt>
File: screenshots/fig15b.PNG Graphic file (type png)
<use screenshots/fig15b.PNG>
Package pdftex.def Info: screenshots/fig15b.PNG  used on input line 835.
(pdftex.def)             Requested size: 245.83282pt x 188.95224pt.

Overfull \vbox (19.13237pt too high) detected at line 835
 []

[140

 <./screenshots/fig15b.PNG>]
\openout4 = `egc_hpc_manual.vrb'.

 (egc_hpc_manual.vrb (../matlab/master.m))
[141

] (egc_hpc_manual.vrb (../matlab/master.m)) [142

] [143

]
\openout4 = `egc_hpc_manual.vrb'.

 (egc_hpc_manual.vrb (../matlab/read.m)) [144

]
<screenshots/fig15c.PNG, id=1063, 676.77844pt x 520.19344pt>
File: screenshots/fig15c.PNG Graphic file (type png)
<use screenshots/fig15c.PNG>
Package pdftex.def Info: screenshots/fig15c.PNG  used on input line 867.
(pdftex.def)             Requested size: 215.10196pt x 165.33023pt.

Overfull \vbox (19.31029pt too high) detected at line 867
 []

[145

 <./screenshots/fig15c.PNG>]
\openout4 = `egc_hpc_manual.vrb'.

 (egc_hpc_manual.vrb (../matlab_job.sh))
[146

]
File: screenshots/fig11a.PNG Graphic file (type png)
<use screenshots/fig11a.PNG>
Package pdftex.def Info: screenshots/fig11a.PNG  used on input line 880.
(pdftex.def)             Requested size: 276.559pt x 177.8958pt.

Overfull \vbox (15.37592pt too high) detected at line 880
 []

[147

]
<screenshots/fig15d.PNG, id=1082, 1398.72563pt x 813.0375pt>
File: screenshots/fig15d.PNG Graphic file (type png)
<use screenshots/fig15d.PNG>
Package pdftex.def Info: screenshots/fig15d.PNG  used on input line 891.
(pdftex.def)             Requested size: 276.559pt x 160.74373pt.
 [148

 <./screenshots/fig15d.PNG>]
File: screenshots/fig15d.PNG Graphic file (type png)
<use screenshots/fig15d.PNG>
Package pdftex.def Info: screenshots/fig15d.PNG  used on input line 891.
(pdftex.def)             Requested size: 276.559pt x 160.74373pt.

Overfull \vbox (10.00157pt too high) detected at line 891
 []

[149

]
File: screenshots/fig15d.PNG Graphic file (type png)
<use screenshots/fig15d.PNG>
Package pdftex.def Info: screenshots/fig15d.PNG  used on input line 891.
(pdftex.def)             Requested size: 276.559pt x 160.74373pt.
 [150

] [151

] [152

] [153

]
<screenshots/fig18a.PNG, id=1115, 1398.72563pt x 813.0375pt>
File: screenshots/fig18a.PNG Graphic file (type png)
<use screenshots/fig18a.PNG>
Package pdftex.def Info: screenshots/fig18a.PNG  used on input line 927.
(pdftex.def)             Requested size: 276.559pt x 160.74373pt.
 [154

 <./screenshots/fig18a.PNG>]
<screenshots/fig18b.PNG, id=1122, 1398.72563pt x 813.0375pt>
File: screenshots/fig18b.PNG Graphic file (type png)
<use screenshots/fig18b.PNG>
Package pdftex.def Info: screenshots/fig18b.PNG  used on input line 927.
(pdftex.def)             Requested size: 276.559pt x 160.74373pt.
 [155

 <./screenshots/fig18b.PNG>]
<screenshots/fig18c.PNG, id=1129, 1398.72563pt x 813.0375pt>
File: screenshots/fig18c.PNG Graphic file (type png)
<use screenshots/fig18c.PNG>
Package pdftex.def Info: screenshots/fig18c.PNG  used on input line 927.
(pdftex.def)             Requested size: 276.559pt x 160.74373pt.
 [156

 <./screenshots/fig18c.PNG>]
<screenshots/fig18d.PNG, id=1136, 1398.72563pt x 813.0375pt>
File: screenshots/fig18d.PNG Graphic file (type png)
<use screenshots/fig18d.PNG>
Package pdftex.def Info: screenshots/fig18d.PNG  used on input line 927.
(pdftex.def)             Requested size: 276.559pt x 160.74373pt.
 [157

 <./screenshots/fig18d.PNG>]
<screenshots/fig18e.PNG, id=1144, 1398.72563pt x 813.0375pt>
File: screenshots/fig18e.PNG Graphic file (type png)
<use screenshots/fig18e.PNG>
Package pdftex.def Info: screenshots/fig18e.PNG  used on input line 927.
(pdftex.def)             Requested size: 276.559pt x 160.74373pt.
 [158

 <./screenshots/fig18e.PNG>]
\openout4 = `egc_hpc_manual.vrb'.

 (egc_hpc_manual.vrb (../latex_job.sh))
[159

] [160

] [161

]
\openout4 = `egc_hpc_manual.vrb'.

 (egc_hpc_manual.vrb) [162

]
\openout4 = `egc_hpc_manual.vrb'.

 (egc_hpc_manual.vrb) [163

]
\openout4 = `egc_hpc_manual.vrb'.


(egc_hpc_manual.vrb) [164

]
\openout4 = `egc_hpc_manual.vrb'.

 (egc_hpc_manual.vrb) [165

] [166

] [167

] [168

]
[169

]
\openout4 = `egc_hpc_manual.vrb'.

 (egc_hpc_manual.vrb (../stata_job.sh)) [170

] [171

] (../stata_job.sh)
[172

] [173

] (../python_job.sh) [174

] [175

] (../r_job.sh) [176

] [177

]
(../matlab_job.sh) [178

] [179

] (../latex_job.sh) [180

]
\tf@nav=\write6
\openout6 = `egc_hpc_manual.nav'.

\tf@toc=\write7
\openout7 = `egc_hpc_manual.toc'.

\tf@snm=\write8
\openout8 = `egc_hpc_manual.snm'.

Package atveryend Info: Empty hook `BeforeClearDocument' on input line 1080.
Package atveryend Info: Empty hook `AfterLastShipout' on input line 1080.
 (egc_hpc_manual.aux)
Package atveryend Info: Executing hook `AtVeryEndDocument' on input line 1080.
Package atveryend Info: Executing hook `AtEndAfterFileList' on input line 1080.

Package rerunfilecheck Info: File `egc_hpc_manual.out' has not changed.
(rerunfilecheck)             Checksum: F6491C3A9AAB7DAFD35026350A8C2A7C;1510.


LaTeX Font Warning: Some font shapes were not available, defaults substituted.

 ) 
Here is how much of TeX's memory you used:
 38118 strings out of 492895
 860114 string characters out of 3133479
 1309361 words of memory out of 3000000
 40732 multiletter control sequences out of 15000+200000
 20674 words of font info for 75 fonts, out of 3000000 for 9000
 1141 hyphenation exceptions out of 8191
 71i,13n,128p,1815b,3774s stack positions out of 5000i,500n,10000p,200000b,50000s
 <C:\Users\adw54\AppData\Local\MiKTeX\2.9\fonts/pk/ljfour/jknappen/ec/dpi600\
tcss0500.pk> <C:\Users\adw54\AppData\Local\MiKTeX\2.9\fonts/pk/ljfour/jknappen/
ec/dpi600\tcsx0500.pk> <C:\Users\adw54\AppData\Local\MiKTeX\2.9\fonts/pk/ljfour
/jknappen/ec/dpi600\tcsi0500.pk> <C:\Users\adw54\AppData\Local\MiKTeX\2.9\fonts
/pk/ljfour/jknappen/ec/dpi600\tcss0900.pk> <C:\Users\adw54\AppData\Local\MiKTeX
\2.9\fonts/pk/ljfour/jknappen/ec/dpi600\tcss1000.pk><C:/Program Files/MiKTeX 2.
9/fonts/type1/public/amsfonts/cm/cmmi10.pfb><C:/Program Files/MiKTeX 2.9/fonts/
type1/public/amsfonts/cm/cmmi5.pfb><C:/Program Files/MiKTeX 2.9/fonts/type1/pub
lic/amsfonts/cm/cmmi8.pfb><C:/Program Files/MiKTeX 2.9/fonts/type1/public/amsfo
nts/cm/cmss10.pfb><C:/Program Files/MiKTeX 2.9/fonts/type1/public/amsfonts/cm/c
mss8.pfb><C:/Program Files/MiKTeX 2.9/fonts/type1/public/amsfonts/cm/cmss9.pfb>
<C:/Program Files/MiKTeX 2.9/fonts/type1/public/amsfonts/cm/cmssbx10.pfb><C:/Pr
ogram Files/MiKTeX 2.9/fonts/type1/public/amsfonts/cm/cmssi10.pfb><C:/Program F
iles/MiKTeX 2.9/fonts/type1/public/amsfonts/cm/cmssi8.pfb><C:/Program Files/MiK
TeX 2.9/fonts/type1/public/amsfonts/cm/cmsy10.pfb><C:/Program Files/MiKTeX 2.9/
fonts/type1/public/amsfonts/cm/cmsy5.pfb><C:/Program Files/MiKTeX 2.9/fonts/typ
e1/public/amsfonts/cm/cmsy8.pfb><C:/Program Files/MiKTeX 2.9/fonts/type1/public
/amsfonts/cm/cmtt10.pfb><C:/Program Files/MiKTeX 2.9/fonts/type1/public/amsfont
s/cm/cmtt8.pfb><C:/Program Files/MiKTeX 2.9/fonts/type1/public/amsfonts/cm/cmtt
9.pfb>
Output written on egc_hpc_manual.pdf (180 pages, 4791626 bytes).
PDF statistics:
 1410 PDF objects out of 1440 (max. 8388607)
 388 named destinations out of 1000 (max. 500000)
 601 words of extra memory for PDF output out of 10000 (max. 10000000)

